2019-11-22 11:27:54,930 [DENIED LOGIN]   for client : admin / 0:0:0:0:0:0:0:1.
2019-11-22 11:28:56,614 [ACCEPTED LOGIN]   for client : admin / 0:0:0:0:0:0:0:1.
2019-11-22 11:29:25,961 [ACCEPTED DELETE] example-repo-local:  for client : admin / 0:0:0:0:0:0:0:1.
2019-11-22 11:29:26,049 [ACCEPTED CONFIGURATION_CHANGE]   for client : admin / 0:0:0:0:0:0:0:1.
2019-11-27 23:52:33,834 [DENIED LOGIN]   for client : admin / 0:0:0:0:0:0:0:1.
2019-11-27 23:52:40,757 [ACCEPTED LOGIN]   for client : admin / 0:0:0:0:0:0:0:1.
2019-11-28 00:02:03,262 [DENIED LOGIN]   for client : admin / 127.0.0.1.
2019-11-28 00:02:04,239 [DENIED LOGIN]   for client : admin / 127.0.0.1.
2019-11-28 00:02:04,540 [DENIED LOGIN]   for client : admin / 127.0.0.1.
2019-11-28 00:02:04,832 [DENIED LOGIN]   for client : admin / 127.0.0.1.
2019-11-28 00:02:05,128 [DENIED LOGIN]   for client : admin / 127.0.0.1.
2019-11-28 00:02:05,437 [DENIED LOGIN]   for client : admin / 127.0.0.1.
2019-11-28 00:02:05,754 [DENIED LOGIN]   for client : admin / 127.0.0.1.
2019-11-28 00:02:06,049 [DENIED LOGIN]   for client : admin / 127.0.0.1.
2019-11-28 00:02:06,052 [DENIED LOGIN]   for client : admin / 127.0.0.1.
2019-11-28 00:02:06,055 [DENIED LOGIN]   for client : admin / 127.0.0.1.
2019-11-28 00:02:06,058 [DENIED LOGIN]   for client : admin / 127.0.0.1.
2019-11-28 00:02:06,060 [DENIED LOGIN]   for client : admin / 127.0.0.1.
2019-11-28 00:02:09,203 [DENIED LOGIN]   for client : admin / 127.0.0.1.
2019-11-28 00:02:09,502 [DENIED LOGIN]   for client : admin / 127.0.0.1.
2019-11-28 00:02:09,803 [DENIED LOGIN]   for client : admin / 127.0.0.1.
2019-11-28 00:02:10,099 [DENIED LOGIN]   for client : admin / 127.0.0.1.
2019-11-28 00:02:10,393 [DENIED LOGIN]   for client : admin / 127.0.0.1.
2019-11-28 00:02:10,684 [DENIED LOGIN]   for client : admin / 127.0.0.1.
2019-11-28 00:02:10,978 [DENIED LOGIN]   for client : admin / 127.0.0.1.
2019-11-28 00:02:10,981 [DENIED LOGIN]   for client : admin / 127.0.0.1.
2019-11-28 00:02:10,983 [DENIED LOGIN]   for client : admin / 127.0.0.1.
2019-11-28 00:02:10,985 [DENIED LOGIN]   for client : admin / 127.0.0.1.
2019-11-28 00:02:26,650 [DENIED LOGIN]   for client : admin / 127.0.0.1.
2019-11-28 00:02:26,962 [DENIED LOGIN]   for client : admin / 127.0.0.1.
2019-11-28 00:02:27,256 [DENIED LOGIN]   for client : admin / 127.0.0.1.
2019-11-28 00:02:27,591 [DENIED LOGIN]   for client : admin / 127.0.0.1.
2019-11-28 00:02:27,917 [DENIED LOGIN]   for client : admin / 127.0.0.1.
2019-11-28 00:02:28,221 [DENIED LOGIN]   for client : admin / 127.0.0.1.
2019-11-28 00:02:28,513 [DENIED LOGIN]   for client : admin / 127.0.0.1.
2019-11-28 00:02:28,805 [DENIED LOGIN]   for client : admin / 127.0.0.1.
2019-11-28 00:02:29,098 [DENIED LOGIN]   for client : admin / 127.0.0.1.
2019-11-28 00:02:29,391 [DENIED LOGIN]   for client : admin / 127.0.0.1.
2019-11-28 00:02:29,681 [DENIED LOGIN]   for client : admin / 127.0.0.1.
2019-11-28 00:02:29,974 [DENIED LOGIN]   for client : admin / 127.0.0.1.
2019-11-28 00:02:30,126 [DENIED LOGIN]   for client : admin / 127.0.0.1.
2019-11-28 00:02:30,284 [DENIED LOGIN]   for client : admin / 127.0.0.1.
2019-11-28 00:02:30,438 [DENIED LOGIN]   for client : admin / 127.0.0.1.
2019-11-28 00:02:30,732 [DENIED LOGIN]   for client : admin / 127.0.0.1.
2019-11-28 00:02:31,024 [DENIED LOGIN]   for client : admin / 127.0.0.1.
2019-11-28 00:02:31,317 [DENIED LOGIN]   for client : admin / 127.0.0.1.
2019-11-28 00:02:31,608 [DENIED LOGIN]   for client : admin / 127.0.0.1.
2019-11-28 00:02:31,913 [DENIED LOGIN]   for client : admin / 127.0.0.1.
2019-11-28 00:02:32,069 [DENIED LOGIN]   for client : admin / 127.0.0.1.
2019-11-28 00:02:32,072 [DENIED LOGIN]   for client : admin / 127.0.0.1.
2019-11-28 00:02:32,075 [DENIED LOGIN]   for client : admin / 127.0.0.1.
2019-11-28 00:02:32,077 [DENIED LOGIN]   for client : admin / 127.0.0.1.
2019-11-28 00:02:32,080 [DENIED LOGIN]   for client : admin / 127.0.0.1.
2019-11-28 00:02:32,082 [DENIED LOGIN]   for client : admin / 127.0.0.1.
2019-11-28 00:02:32,084 [DENIED LOGIN]   for client : admin / 127.0.0.1.
2019-11-28 00:02:32,087 [DENIED LOGIN]   for client : admin / 127.0.0.1.
2019-11-28 00:02:32,090 [DENIED LOGIN]   for client : admin / 127.0.0.1.
2019-11-28 00:02:32,093 [DENIED LOGIN]   for client : admin / 127.0.0.1.
2019-11-28 00:02:32,095 [DENIED LOGIN]   for client : admin / 127.0.0.1.
2019-11-28 00:02:32,097 [DENIED LOGIN]   for client : admin / 127.0.0.1.
2019-11-28 00:02:32,100 [DENIED LOGIN]   for client : admin / 127.0.0.1.
2019-11-28 00:02:32,107 [DENIED LOGIN]   for client : admin / 127.0.0.1.
2019-11-28 00:02:43,689 [DENIED LOGIN]   for client : admin / 127.0.0.1.
2019-11-28 00:02:44,138 [DENIED LOGIN]   for client : admin / 127.0.0.1.
2019-11-28 00:02:44,445 [DENIED LOGIN]   for client : admin / 127.0.0.1.
2019-11-28 00:02:44,743 [DENIED LOGIN]   for client : admin / 127.0.0.1.
2019-11-28 00:02:45,040 [DENIED LOGIN]   for client : admin / 127.0.0.1.
2019-11-28 00:02:45,328 [DENIED LOGIN]   for client : admin / 127.0.0.1.
2019-11-28 00:02:45,658 [DENIED LOGIN]   for client : admin / 127.0.0.1.
2019-11-28 00:02:45,956 [DENIED LOGIN]   for client : admin / 127.0.0.1.
2019-11-28 00:02:46,253 [DENIED LOGIN]   for client : admin / 127.0.0.1.
2019-11-28 00:02:46,549 [DENIED LOGIN]   for client : admin / 127.0.0.1.
2019-11-28 00:02:46,847 [DENIED LOGIN]   for client : admin / 127.0.0.1.
2019-11-28 00:02:47,140 [DENIED LOGIN]   for client : admin / 127.0.0.1.
2019-11-28 00:02:47,432 [DENIED LOGIN]   for client : admin / 127.0.0.1.
2019-11-28 00:02:47,751 [DENIED LOGIN]   for client : admin / 127.0.0.1.
2019-11-28 00:02:48,046 [DENIED LOGIN]   for client : admin / 127.0.0.1.
2019-11-28 00:02:48,338 [DENIED LOGIN]   for client : admin / 127.0.0.1.
2019-11-28 00:02:48,638 [DENIED LOGIN]   for client : admin / 127.0.0.1.
2019-11-28 00:02:48,932 [DENIED LOGIN]   for client : admin / 127.0.0.1.
2019-11-28 00:02:49,223 [DENIED LOGIN]   for client : admin / 127.0.0.1.
2019-11-28 00:02:49,577 [DENIED LOGIN]   for client : admin / 127.0.0.1.
2019-11-28 00:02:49,870 [DENIED LOGIN]   for client : admin / 127.0.0.1.
2019-11-28 00:02:50,165 [DENIED LOGIN]   for client : admin / 127.0.0.1.
2019-11-28 00:02:50,511 [DENIED LOGIN]   for client : admin / 127.0.0.1.
2019-11-28 00:02:50,808 [DENIED LOGIN]   for client : admin / 127.0.0.1.
2019-11-28 00:02:51,108 [DENIED LOGIN]   for client : admin / 127.0.0.1.
2019-11-28 00:02:51,410 [DENIED LOGIN]   for client : admin / 127.0.0.1.
2019-11-28 00:02:51,710 [DENIED LOGIN]   for client : admin / 127.0.0.1.
2019-11-28 00:02:52,006 [DENIED LOGIN]   for client : admin / 127.0.0.1.
2019-11-28 00:02:52,294 [DENIED LOGIN]   for client : admin / 127.0.0.1.
2019-11-28 00:02:52,602 [DENIED LOGIN]   for client : admin / 127.0.0.1.
2019-11-28 00:02:52,903 [DENIED LOGIN]   for client : admin / 127.0.0.1.
2019-11-28 00:02:53,193 [DENIED LOGIN]   for client : admin / 127.0.0.1.
2019-11-28 00:02:53,492 [DENIED LOGIN]   for client : admin / 127.0.0.1.
2019-11-28 00:02:53,782 [DENIED LOGIN]   for client : admin / 127.0.0.1.
2019-11-28 00:02:54,107 [DENIED LOGIN]   for client : admin / 127.0.0.1.
2019-11-28 00:02:54,425 [DENIED LOGIN]   for client : admin / 127.0.0.1.
2019-11-28 00:02:54,724 [DENIED LOGIN]   for client : admin / 127.0.0.1.
2019-11-28 00:02:55,015 [DENIED LOGIN]   for client : admin / 127.0.0.1.
2019-11-28 00:02:55,309 [DENIED LOGIN]   for client : admin / 127.0.0.1.
2019-11-28 00:02:55,655 [DENIED LOGIN]   for client : admin / 127.0.0.1.
2019-11-28 00:02:56,072 [DENIED LOGIN]   for client : admin / 127.0.0.1.
2019-11-28 00:02:56,377 [DENIED LOGIN]   for client : admin / 127.0.0.1.
2019-11-28 00:02:56,668 [DENIED LOGIN]   for client : admin / 127.0.0.1.
2019-11-28 00:02:56,960 [DENIED LOGIN]   for client : admin / 127.0.0.1.
2019-11-28 00:02:57,396 [DENIED LOGIN]   for client : admin / 127.0.0.1.
2019-11-28 00:02:57,697 [DENIED LOGIN]   for client : admin / 127.0.0.1.
2019-11-28 00:02:57,989 [DENIED LOGIN]   for client : admin / 127.0.0.1.
2019-11-28 00:02:58,285 [DENIED LOGIN]   for client : admin / 127.0.0.1.
2019-11-28 00:02:58,576 [DENIED LOGIN]   for client : admin / 127.0.0.1.
2019-11-28 00:02:58,865 [DENIED LOGIN]   for client : admin / 127.0.0.1.
2019-11-28 00:02:59,164 [DENIED LOGIN]   for client : admin / 127.0.0.1.
2019-11-28 00:02:59,458 [DENIED LOGIN]   for client : admin / 127.0.0.1.
2019-11-28 00:02:59,764 [DENIED LOGIN]   for client : admin / 127.0.0.1.
2019-11-28 00:03:00,055 [DENIED LOGIN]   for client : admin / 127.0.0.1.
2019-11-28 00:03:00,348 [DENIED LOGIN]   for client : admin / 127.0.0.1.
2019-11-28 00:03:00,648 [DENIED LOGIN]   for client : admin / 127.0.0.1.
2019-11-28 00:03:00,943 [DENIED LOGIN]   for client : admin / 127.0.0.1.
2019-11-28 00:03:01,242 [DENIED LOGIN]   for client : admin / 127.0.0.1.
2019-11-28 00:03:01,533 [DENIED LOGIN]   for client : admin / 127.0.0.1.
2019-11-28 00:03:01,840 [DENIED LOGIN]   for client : admin / 127.0.0.1.
2019-11-28 00:03:01,842 [DENIED LOGIN]   for client : admin / 127.0.0.1.
2019-11-28 00:03:01,844 [DENIED LOGIN]   for client : admin / 127.0.0.1.
2019-11-28 00:03:01,846 [DENIED LOGIN]   for client : admin / 127.0.0.1.
2019-11-28 00:03:01,848 [DENIED LOGIN]   for client : admin / 127.0.0.1.
2019-11-28 00:03:01,850 [DENIED LOGIN]   for client : admin / 127.0.0.1.
2019-11-28 00:03:01,852 [DENIED LOGIN]   for client : admin / 127.0.0.1.
2019-11-28 00:03:01,854 [DENIED LOGIN]   for client : admin / 127.0.0.1.
2019-11-28 00:03:01,855 [DENIED LOGIN]   for client : admin / 127.0.0.1.
2019-11-28 00:03:01,857 [DENIED LOGIN]   for client : admin / 127.0.0.1.
2019-11-28 00:03:01,859 [DENIED LOGIN]   for client : admin / 127.0.0.1.
2019-11-28 00:03:01,861 [DENIED LOGIN]   for client : admin / 127.0.0.1.
2019-11-28 00:03:01,863 [DENIED LOGIN]   for client : admin / 127.0.0.1.
2019-11-28 00:03:01,865 [DENIED LOGIN]   for client : admin / 127.0.0.1.
2019-11-28 00:03:01,867 [DENIED LOGIN]   for client : admin / 127.0.0.1.
2019-11-28 00:03:01,869 [DENIED LOGIN]   for client : admin / 127.0.0.1.
2019-11-28 00:03:01,872 [DENIED LOGIN]   for client : admin / 127.0.0.1.
2019-11-28 00:03:01,874 [DENIED LOGIN]   for client : admin / 127.0.0.1.
2019-11-28 00:03:01,876 [DENIED LOGIN]   for client : admin / 127.0.0.1.
2019-11-28 00:03:01,878 [DENIED LOGIN]   for client : admin / 127.0.0.1.
2019-11-28 00:03:01,880 [DENIED LOGIN]   for client : admin / 127.0.0.1.
2019-11-28 00:03:01,883 [DENIED LOGIN]   for client : admin / 127.0.0.1.
2019-11-28 00:03:01,885 [DENIED LOGIN]   for client : admin / 127.0.0.1.
2019-11-28 00:03:01,887 [DENIED LOGIN]   for client : admin / 127.0.0.1.
2019-11-28 00:03:01,889 [DENIED LOGIN]   for client : admin / 127.0.0.1.
2019-11-28 00:03:01,891 [DENIED LOGIN]   for client : admin / 127.0.0.1.
2019-11-28 00:03:01,893 [DENIED LOGIN]   for client : admin / 127.0.0.1.
2019-11-28 00:03:01,895 [DENIED LOGIN]   for client : admin / 127.0.0.1.
2019-11-28 00:03:01,898 [DENIED LOGIN]   for client : admin / 127.0.0.1.
2019-11-28 00:03:01,900 [DENIED LOGIN]   for client : admin / 127.0.0.1.
2019-11-28 00:03:01,902 [DENIED LOGIN]   for client : admin / 127.0.0.1.
2019-11-28 00:03:01,904 [DENIED LOGIN]   for client : admin / 127.0.0.1.
2019-11-28 00:03:01,906 [DENIED LOGIN]   for client : admin / 127.0.0.1.
2019-11-28 00:03:01,908 [DENIED LOGIN]   for client : admin / 127.0.0.1.
2019-11-28 00:03:01,910 [DENIED LOGIN]   for client : admin / 127.0.0.1.
2019-11-28 00:03:01,912 [DENIED LOGIN]   for client : admin / 127.0.0.1.
2019-11-28 00:03:01,914 [DENIED LOGIN]   for client : admin / 127.0.0.1.
2019-11-28 00:03:01,916 [DENIED LOGIN]   for client : admin / 127.0.0.1.
2019-11-28 00:03:01,918 [DENIED LOGIN]   for client : admin / 127.0.0.1.
2019-11-28 00:03:36,248 [DENIED LOGIN]   for client : admin / 127.0.0.1.
2019-11-28 00:03:36,552 [DENIED LOGIN]   for client : admin / 127.0.0.1.
2019-11-28 00:03:36,862 [DENIED LOGIN]   for client : admin / 127.0.0.1.
2019-11-28 00:03:37,222 [DENIED LOGIN]   for client : admin / 127.0.0.1.
2019-11-28 00:03:37,531 [DENIED LOGIN]   for client : admin / 127.0.0.1.
2019-11-28 00:03:37,821 [DENIED LOGIN]   for client : admin / 127.0.0.1.
2019-11-28 00:03:38,117 [DENIED LOGIN]   for client : admin / 127.0.0.1.
2019-11-28 00:03:38,417 [DENIED LOGIN]   for client : admin / 127.0.0.1.
2019-11-28 00:03:38,712 [DENIED LOGIN]   for client : admin / 127.0.0.1.
2019-11-28 00:03:39,012 [DENIED LOGIN]   for client : admin / 127.0.0.1.
2019-11-28 00:03:39,306 [DENIED LOGIN]   for client : admin / 127.0.0.1.
2019-11-28 00:03:39,608 [DENIED LOGIN]   for client : admin / 127.0.0.1.
2019-11-28 00:03:39,904 [DENIED LOGIN]   for client : admin / 127.0.0.1.
2019-11-28 00:03:40,196 [DENIED LOGIN]   for client : admin / 127.0.0.1.
2019-11-28 00:03:40,504 [DENIED LOGIN]   for client : admin / 127.0.0.1.
2019-11-28 00:03:40,795 [DENIED LOGIN]   for client : admin / 127.0.0.1.
2019-11-28 00:03:41,088 [DENIED LOGIN]   for client : admin / 127.0.0.1.
2019-11-28 00:03:41,383 [DENIED LOGIN]   for client : admin / 127.0.0.1.
2019-11-28 00:03:41,672 [DENIED LOGIN]   for client : admin / 127.0.0.1.
2019-11-28 00:03:41,974 [DENIED LOGIN]   for client : admin / 127.0.0.1.
2019-11-28 00:03:41,976 [DENIED LOGIN]   for client : admin / 127.0.0.1.
2019-11-28 00:03:41,978 [DENIED LOGIN]   for client : admin / 127.0.0.1.
2019-11-28 00:03:41,980 [DENIED LOGIN]   for client : admin / 127.0.0.1.
2019-11-28 00:03:41,983 [DENIED LOGIN]   for client : admin / 127.0.0.1.
2019-11-28 00:03:41,985 [DENIED LOGIN]   for client : admin / 127.0.0.1.
2019-11-28 00:03:41,987 [DENIED LOGIN]   for client : admin / 127.0.0.1.
2019-11-28 00:03:41,989 [DENIED LOGIN]   for client : admin / 127.0.0.1.
2019-11-28 00:03:41,991 [DENIED LOGIN]   for client : admin / 127.0.0.1.
2019-11-28 00:03:41,994 [DENIED LOGIN]   for client : admin / 127.0.0.1.
2019-11-28 00:03:41,996 [DENIED LOGIN]   for client : admin / 127.0.0.1.
2019-11-28 00:03:49,540 [DENIED LOGIN]   for client : admin / 127.0.0.1.
2019-11-28 00:03:49,835 [DENIED LOGIN]   for client : admin / 127.0.0.1.
2019-11-28 00:03:50,136 [DENIED LOGIN]   for client : admin / 127.0.0.1.
2019-11-28 00:03:55,494 [DENIED LOGIN]   for client : admin / 127.0.0.1.
2019-11-28 00:03:55,846 [DENIED LOGIN]   for client : admin / 127.0.0.1.
2019-11-28 00:03:56,140 [DENIED LOGIN]   for client : admin / 127.0.0.1.
2019-11-28 00:03:56,434 [DENIED LOGIN]   for client : admin / 127.0.0.1.
2019-11-28 00:03:56,781 [DENIED LOGIN]   for client : admin / 127.0.0.1.
2019-11-28 00:03:57,077 [DENIED LOGIN]   for client : admin / 127.0.0.1.
2019-11-28 00:03:57,372 [DENIED LOGIN]   for client : admin / 127.0.0.1.
2019-11-28 00:03:57,666 [DENIED LOGIN]   for client : admin / 127.0.0.1.
2019-11-28 00:03:57,963 [DENIED LOGIN]   for client : admin / 127.0.0.1.
2019-11-28 00:03:58,264 [DENIED LOGIN]   for client : admin / 127.0.0.1.
2019-11-28 00:03:58,557 [DENIED LOGIN]   for client : admin / 127.0.0.1.
2019-11-28 00:03:58,852 [DENIED LOGIN]   for client : admin / 127.0.0.1.
2019-11-28 00:03:59,147 [DENIED LOGIN]   for client : admin / 127.0.0.1.
2019-11-28 00:03:59,445 [DENIED LOGIN]   for client : admin / 127.0.0.1.
2019-11-28 00:03:59,739 [DENIED LOGIN]   for client : admin / 127.0.0.1.
2019-11-28 00:04:00,034 [DENIED LOGIN]   for client : admin / 127.0.0.1.
2019-11-28 00:04:00,323 [DENIED LOGIN]   for client : admin / 127.0.0.1.
2019-11-28 00:04:00,613 [DENIED LOGIN]   for client : admin / 127.0.0.1.
2019-11-28 00:04:00,902 [DENIED LOGIN]   for client : admin / 127.0.0.1.
2019-11-28 00:04:01,247 [DENIED LOGIN]   for client : admin / 127.0.0.1.
2019-11-28 00:04:01,536 [DENIED LOGIN]   for client : admin / 127.0.0.1.
2019-11-28 00:04:01,849 [DENIED LOGIN]   for client : admin / 127.0.0.1.
2019-11-28 00:04:02,148 [DENIED LOGIN]   for client : admin / 127.0.0.1.
2019-11-28 00:04:02,494 [DENIED LOGIN]   for client : admin / 127.0.0.1.
2019-11-28 00:04:02,786 [DENIED LOGIN]   for client : admin / 127.0.0.1.
2019-11-28 00:04:03,085 [DENIED LOGIN]   for client : admin / 127.0.0.1.
2019-11-28 00:04:15,209 [DENIED LOGIN]   for client : admin / 127.0.0.1.
2019-11-28 00:04:17,690 [DENIED LOGIN]   for client : admin / 127.0.0.1.
2019-11-28 00:04:21,009 [DENIED LOGIN]   for client : admin / 127.0.0.1.
2019-11-28 00:04:21,301 [DENIED LOGIN]   for client : admin / 127.0.0.1.
2019-11-28 00:04:21,596 [DENIED LOGIN]   for client : admin / 127.0.0.1.
2019-11-28 00:04:21,892 [DENIED LOGIN]   for client : admin / 127.0.0.1.
2019-11-28 00:04:22,188 [DENIED LOGIN]   for client : admin / 127.0.0.1.
2019-11-28 00:04:22,481 [DENIED LOGIN]   for client : admin / 127.0.0.1.
2019-11-28 00:04:22,773 [DENIED LOGIN]   for client : admin / 127.0.0.1.
2019-11-28 00:04:23,121 [DENIED LOGIN]   for client : admin / 127.0.0.1.
2019-11-28 00:04:23,431 [DENIED LOGIN]   for client : admin / 127.0.0.1.
2019-11-28 00:04:23,433 [DENIED LOGIN]   for client : admin / 127.0.0.1.
2019-11-28 00:04:23,434 [DENIED LOGIN]   for client : admin / 127.0.0.1.
2019-11-28 00:04:23,436 [DENIED LOGIN]   for client : admin / 127.0.0.1.
2019-11-28 00:04:23,437 [DENIED LOGIN]   for client : admin / 127.0.0.1.
2019-11-28 00:04:23,439 [DENIED LOGIN]   for client : admin / 127.0.0.1.
2019-11-28 00:04:23,441 [DENIED LOGIN]   for client : admin / 127.0.0.1.
2019-11-28 00:04:23,442 [DENIED LOGIN]   for client : admin / 127.0.0.1.
2019-11-28 00:04:23,444 [DENIED LOGIN]   for client : admin / 127.0.0.1.
2019-11-28 00:04:23,446 [DENIED LOGIN]   for client : admin / 127.0.0.1.
2019-11-28 00:04:23,447 [DENIED LOGIN]   for client : admin / 127.0.0.1.
2019-11-28 00:04:23,449 [DENIED LOGIN]   for client : admin / 127.0.0.1.
2019-11-28 00:04:23,450 [DENIED LOGIN]   for client : admin / 127.0.0.1.
2019-11-28 00:04:23,452 [DENIED LOGIN]   for client : admin / 127.0.0.1.
2019-11-28 00:04:23,453 [DENIED LOGIN]   for client : admin / 127.0.0.1.
2019-11-28 00:04:23,455 [DENIED LOGIN]   for client : admin / 127.0.0.1.
2019-11-28 00:04:23,457 [DENIED LOGIN]   for client : admin / 127.0.0.1.
2019-11-28 00:04:23,459 [DENIED LOGIN]   for client : admin / 127.0.0.1.
2019-11-28 00:04:23,460 [DENIED LOGIN]   for client : admin / 127.0.0.1.
2019-11-28 00:04:23,462 [DENIED LOGIN]   for client : admin / 127.0.0.1.
2019-11-28 00:04:23,463 [DENIED LOGIN]   for client : admin / 127.0.0.1.
2019-11-28 00:04:23,465 [DENIED LOGIN]   for client : admin / 127.0.0.1.
2019-11-28 00:04:23,467 [DENIED LOGIN]   for client : admin / 127.0.0.1.
2019-11-28 00:04:23,468 [DENIED LOGIN]   for client : admin / 127.0.0.1.
2019-11-28 00:04:34,788 [DENIED LOGIN]   for client : admin / 127.0.0.1.
2019-11-28 00:04:35,190 [DENIED LOGIN]   for client : admin / 127.0.0.1.
2019-11-28 00:04:35,551 [DENIED LOGIN]   for client : admin / 127.0.0.1.
2019-11-28 00:04:35,850 [DENIED LOGIN]   for client : admin / 127.0.0.1.
2019-11-28 00:04:36,146 [DENIED LOGIN]   for client : admin / 127.0.0.1.
2019-11-28 00:04:36,436 [DENIED LOGIN]   for client : admin / 127.0.0.1.
2019-11-28 00:04:36,794 [DENIED LOGIN]   for client : admin / 127.0.0.1.
2019-11-28 00:04:36,796 [DENIED LOGIN]   for client : admin / 127.0.0.1.
2019-11-28 00:04:36,798 [DENIED LOGIN]   for client : admin / 127.0.0.1.
2019-11-28 00:04:36,800 [DENIED LOGIN]   for client : admin / 127.0.0.1.
2019-11-28 00:04:36,802 [DENIED LOGIN]   for client : admin / 127.0.0.1.
2019-11-28 00:04:41,504 [DENIED LOGIN]   for client : admin / 127.0.0.1.
2019-11-28 00:04:41,796 [DENIED LOGIN]   for client : admin / 127.0.0.1.
2019-11-28 00:04:42,085 [DENIED LOGIN]   for client : admin / 127.0.0.1.
2019-11-28 00:04:42,376 [DENIED LOGIN]   for client : admin / 127.0.0.1.
2019-11-28 00:04:42,673 [DENIED LOGIN]   for client : admin / 127.0.0.1.
2019-11-28 00:04:42,963 [DENIED LOGIN]   for client : admin / 127.0.0.1.
2019-11-28 00:04:43,260 [DENIED LOGIN]   for client : admin / 127.0.0.1.
2019-11-28 00:04:43,554 [DENIED LOGIN]   for client : admin / 127.0.0.1.
2019-11-28 00:04:43,845 [DENIED LOGIN]   for client : admin / 127.0.0.1.
2019-11-28 00:04:44,137 [DENIED LOGIN]   for client : admin / 127.0.0.1.
2019-11-28 00:04:44,428 [DENIED LOGIN]   for client : admin / 127.0.0.1.
2019-11-28 00:04:44,736 [DENIED LOGIN]   for client : admin / 127.0.0.1.
2019-11-28 00:04:45,029 [DENIED LOGIN]   for client : admin / 127.0.0.1.
2019-11-28 00:04:45,326 [DENIED LOGIN]   for client : admin / 127.0.0.1.
2019-11-28 00:04:45,625 [DENIED LOGIN]   for client : admin / 127.0.0.1.
2019-11-28 00:04:45,920 [DENIED LOGIN]   for client : admin / 127.0.0.1.
2019-11-28 00:04:46,212 [DENIED LOGIN]   for client : admin / 127.0.0.1.
2019-11-28 00:04:46,514 [DENIED LOGIN]   for client : admin / 127.0.0.1.
2019-11-28 00:04:46,861 [DENIED LOGIN]   for client : admin / 127.0.0.1.
2019-11-28 00:04:47,156 [DENIED LOGIN]   for client : admin / 127.0.0.1.
2019-11-28 00:04:47,447 [DENIED LOGIN]   for client : admin / 127.0.0.1.
2019-11-28 00:04:47,746 [DENIED LOGIN]   for client : admin / 127.0.0.1.
2019-11-28 00:04:48,057 [DENIED LOGIN]   for client : admin / 127.0.0.1.
2019-11-28 00:04:48,059 [DENIED LOGIN]   for client : admin / 127.0.0.1.
2019-11-28 00:04:48,060 [DENIED LOGIN]   for client : admin / 127.0.0.1.
2019-11-28 00:04:48,062 [DENIED LOGIN]   for client : admin / 127.0.0.1.
2019-11-28 00:04:48,064 [DENIED LOGIN]   for client : admin / 127.0.0.1.
2019-11-28 00:04:48,065 [DENIED LOGIN]   for client : admin / 127.0.0.1.
2019-11-28 00:04:48,067 [DENIED LOGIN]   for client : admin / 127.0.0.1.
2019-11-28 00:04:48,069 [DENIED LOGIN]   for client : admin / 127.0.0.1.
2019-11-28 00:04:48,071 [DENIED LOGIN]   for client : admin / 127.0.0.1.
2019-11-28 00:04:48,073 [DENIED LOGIN]   for client : admin / 127.0.0.1.
2019-11-28 00:04:48,074 [DENIED LOGIN]   for client : admin / 127.0.0.1.
2019-11-28 00:04:48,076 [DENIED LOGIN]   for client : admin / 127.0.0.1.
2019-11-28 00:04:48,078 [DENIED LOGIN]   for client : admin / 127.0.0.1.
2019-11-28 00:04:48,081 [DENIED LOGIN]   for client : admin / 127.0.0.1.
2019-11-28 00:04:48,082 [DENIED LOGIN]   for client : admin / 127.0.0.1.
2019-11-28 00:04:48,084 [DENIED LOGIN]   for client : admin / 127.0.0.1.
2019-11-28 00:04:48,086 [DENIED LOGIN]   for client : admin / 127.0.0.1.
2019-11-28 00:04:58,721 [DENIED LOGIN]   for client : admin / 127.0.0.1.
2019-11-28 00:04:59,037 [DENIED LOGIN]   for client : admin / 127.0.0.1.
2019-11-28 00:04:59,333 [DENIED LOGIN]   for client : admin / 127.0.0.1.
2019-11-28 00:04:59,628 [DENIED LOGIN]   for client : admin / 127.0.0.1.
2019-11-28 00:04:59,917 [DENIED LOGIN]   for client : admin / 127.0.0.1.
2019-11-28 00:05:00,209 [DENIED LOGIN]   for client : admin / 127.0.0.1.
2019-11-28 00:05:00,502 [DENIED LOGIN]   for client : admin / 127.0.0.1.
2019-11-28 00:05:00,504 [DENIED LOGIN]   for client : admin / 127.0.0.1.
2019-11-28 00:05:00,505 [DENIED LOGIN]   for client : admin / 127.0.0.1.
2019-11-28 00:05:00,507 [DENIED LOGIN]   for client : admin / 127.0.0.1.
2019-11-28 00:05:00,508 [DENIED LOGIN]   for client : admin / 127.0.0.1.
2019-11-28 00:05:07,248 [DENIED LOGIN]   for client : admin / 127.0.0.1.
2019-11-28 00:05:07,544 [DENIED LOGIN]   for client : admin / 127.0.0.1.
2019-11-28 00:05:07,840 [DENIED LOGIN]   for client : admin / 127.0.0.1.
2019-11-28 00:05:08,144 [DENIED LOGIN]   for client : admin / 127.0.0.1.
2019-11-28 00:05:08,441 [DENIED LOGIN]   for client : admin / 127.0.0.1.
2019-11-28 00:05:09,810 [DENIED LOGIN]   for client : admin / 127.0.0.1.
2019-11-28 00:05:10,383 [DENIED LOGIN]   for client : admin / 127.0.0.1.
2019-11-28 00:05:10,678 [DENIED LOGIN]   for client : admin / 127.0.0.1.
2019-11-28 00:05:10,970 [DENIED LOGIN]   for client : admin / 127.0.0.1.
2019-11-28 00:05:11,267 [DENIED LOGIN]   for client : admin / 127.0.0.1.
2019-11-28 00:05:11,564 [DENIED LOGIN]   for client : admin / 127.0.0.1.
2019-11-28 00:05:11,859 [DENIED LOGIN]   for client : admin / 127.0.0.1.
2019-11-28 00:05:12,153 [DENIED LOGIN]   for client : admin / 127.0.0.1.
2019-11-28 00:05:12,448 [DENIED LOGIN]   for client : admin / 127.0.0.1.
2019-11-28 00:05:12,742 [DENIED LOGIN]   for client : admin / 127.0.0.1.
2019-11-28 00:05:13,033 [DENIED LOGIN]   for client : admin / 127.0.0.1.
2019-11-28 00:05:13,330 [DENIED LOGIN]   for client : admin / 127.0.0.1.
2019-11-28 00:05:13,623 [DENIED LOGIN]   for client : admin / 127.0.0.1.
2019-11-28 00:05:13,915 [DENIED LOGIN]   for client : admin / 127.0.0.1.
2019-11-28 00:05:14,209 [DENIED LOGIN]   for client : admin / 127.0.0.1.
2019-11-28 00:05:14,499 [DENIED LOGIN]   for client : admin / 127.0.0.1.
2019-11-28 00:05:15,107 [DENIED LOGIN]   for client : admin / 127.0.0.1.
2019-11-28 00:05:15,402 [DENIED LOGIN]   for client : admin / 127.0.0.1.
2019-11-28 00:05:15,701 [DENIED LOGIN]   for client : admin / 127.0.0.1.
2019-11-28 00:05:15,998 [DENIED LOGIN]   for client : admin / 127.0.0.1.
2019-11-28 00:05:16,291 [DENIED LOGIN]   for client : admin / 127.0.0.1.
2019-11-28 00:05:16,583 [DENIED LOGIN]   for client : admin / 127.0.0.1.
2019-11-28 00:05:16,878 [DENIED LOGIN]   for client : admin / 127.0.0.1.
2019-11-28 00:05:17,171 [DENIED LOGIN]   for client : admin / 127.0.0.1.
2019-11-28 00:05:17,464 [DENIED LOGIN]   for client : admin / 127.0.0.1.
2019-11-28 00:05:17,756 [DENIED LOGIN]   for client : admin / 127.0.0.1.
2019-11-28 00:05:18,056 [DENIED LOGIN]   for client : admin / 127.0.0.1.
2019-11-28 00:05:18,350 [DENIED LOGIN]   for client : admin / 127.0.0.1.
2019-11-28 00:05:18,656 [DENIED LOGIN]   for client : admin / 127.0.0.1.
2019-11-28 00:05:18,951 [DENIED LOGIN]   for client : admin / 127.0.0.1.
2019-11-28 00:05:19,241 [DENIED LOGIN]   for client : admin / 127.0.0.1.
2019-11-28 00:05:19,535 [DENIED LOGIN]   for client : admin / 127.0.0.1.
2019-11-28 00:05:19,835 [DENIED LOGIN]   for client : admin / 127.0.0.1.
2019-11-28 00:05:20,136 [DENIED LOGIN]   for client : admin / 127.0.0.1.
2019-11-28 00:05:20,436 [DENIED LOGIN]   for client : admin / 127.0.0.1.
2019-11-28 00:05:20,725 [DENIED LOGIN]   for client : admin / 127.0.0.1.
2019-11-28 00:05:21,016 [DENIED LOGIN]   for client : admin / 127.0.0.1.
2019-11-28 00:05:21,310 [DENIED LOGIN]   for client : admin / 127.0.0.1.
2019-11-28 00:05:21,623 [DENIED LOGIN]   for client : admin / 127.0.0.1.
2019-11-28 00:05:21,920 [DENIED LOGIN]   for client : admin / 127.0.0.1.
2019-11-28 00:05:22,222 [DENIED LOGIN]   for client : admin / 127.0.0.1.
2019-11-28 00:05:22,513 [DENIED LOGIN]   for client : admin / 127.0.0.1.
2019-11-28 00:05:22,809 [DENIED LOGIN]   for client : admin / 127.0.0.1.
2019-11-28 00:05:23,114 [DENIED LOGIN]   for client : admin / 127.0.0.1.
2019-11-28 00:05:23,407 [DENIED LOGIN]   for client : admin / 127.0.0.1.
2019-11-28 00:05:23,704 [DENIED LOGIN]   for client : admin / 127.0.0.1.
2019-11-28 00:05:23,998 [DENIED LOGIN]   for client : admin / 127.0.0.1.
2019-11-28 00:05:24,295 [DENIED LOGIN]   for client : admin / 127.0.0.1.
2019-11-28 00:05:24,589 [DENIED LOGIN]   for client : admin / 127.0.0.1.
2019-11-28 00:05:24,880 [DENIED LOGIN]   for client : admin / 127.0.0.1.
2019-11-28 00:05:25,174 [DENIED LOGIN]   for client : admin / 127.0.0.1.
2019-11-28 00:05:25,464 [DENIED LOGIN]   for client : admin / 127.0.0.1.
2019-11-28 00:05:25,756 [DENIED LOGIN]   for client : admin / 127.0.0.1.
2019-11-28 00:05:26,047 [DENIED LOGIN]   for client : admin / 127.0.0.1.
2019-11-28 00:05:26,342 [DENIED LOGIN]   for client : admin / 127.0.0.1.
2019-11-28 00:05:26,639 [DENIED LOGIN]   for client : admin / 127.0.0.1.
2019-11-28 00:05:26,933 [DENIED LOGIN]   for client : admin / 127.0.0.1.
2019-11-28 00:05:27,237 [DENIED LOGIN]   for client : admin / 127.0.0.1.
2019-11-28 00:05:27,528 [DENIED LOGIN]   for client : admin / 127.0.0.1.
2019-11-28 00:05:27,819 [DENIED LOGIN]   for client : admin / 127.0.0.1.
2019-11-28 00:05:28,115 [DENIED LOGIN]   for client : admin / 127.0.0.1.
2019-11-28 00:05:28,408 [DENIED LOGIN]   for client : admin / 127.0.0.1.
2019-11-28 00:05:28,703 [DENIED LOGIN]   for client : admin / 127.0.0.1.
2019-11-28 00:05:29,005 [DENIED LOGIN]   for client : admin / 127.0.0.1.
2019-11-28 00:05:29,298 [DENIED LOGIN]   for client : admin / 127.0.0.1.
2019-11-28 00:05:29,589 [DENIED LOGIN]   for client : admin / 127.0.0.1.
2019-11-28 00:05:29,885 [DENIED LOGIN]   for client : admin / 127.0.0.1.
2019-11-28 00:05:30,182 [DENIED LOGIN]   for client : admin / 127.0.0.1.
2019-11-28 00:05:30,474 [DENIED LOGIN]   for client : admin / 127.0.0.1.
2019-11-28 00:05:30,765 [DENIED LOGIN]   for client : admin / 127.0.0.1.
2019-11-28 00:05:31,061 [DENIED LOGIN]   for client : admin / 127.0.0.1.
2019-11-28 00:05:31,356 [DENIED LOGIN]   for client : admin / 127.0.0.1.
2019-11-28 00:05:31,659 [DENIED LOGIN]   for client : admin / 127.0.0.1.
2019-11-28 00:05:31,950 [DENIED LOGIN]   for client : admin / 127.0.0.1.
2019-11-28 00:05:32,251 [DENIED LOGIN]   for client : admin / 127.0.0.1.
2019-11-28 00:05:32,599 [DENIED LOGIN]   for client : admin / 127.0.0.1.
2019-11-28 00:05:33,008 [DENIED LOGIN]   for client : admin / 127.0.0.1.
2019-11-28 00:05:33,305 [DENIED LOGIN]   for client : admin / 127.0.0.1.
2019-11-28 00:05:33,601 [DENIED LOGIN]   for client : admin / 127.0.0.1.
2019-11-28 00:05:33,896 [DENIED LOGIN]   for client : admin / 127.0.0.1.
2019-11-28 00:05:34,186 [DENIED LOGIN]   for client : admin / 127.0.0.1.
2019-11-28 00:05:34,478 [DENIED LOGIN]   for client : admin / 127.0.0.1.
2019-11-28 00:05:34,772 [DENIED LOGIN]   for client : admin / 127.0.0.1.
2019-11-28 00:05:35,070 [DENIED LOGIN]   for client : admin / 127.0.0.1.
2019-11-28 00:05:35,364 [DENIED LOGIN]   for client : admin / 127.0.0.1.
2019-11-28 00:05:35,659 [DENIED LOGIN]   for client : admin / 127.0.0.1.
2019-11-28 00:05:35,955 [DENIED LOGIN]   for client : admin / 127.0.0.1.
2019-11-28 00:05:36,252 [DENIED LOGIN]   for client : admin / 127.0.0.1.
2019-11-28 00:05:36,549 [DENIED LOGIN]   for client : admin / 127.0.0.1.
2019-11-28 00:05:36,846 [DENIED LOGIN]   for client : admin / 127.0.0.1.
2019-11-28 00:05:37,156 [DENIED LOGIN]   for client : admin / 127.0.0.1.
2019-11-28 00:05:37,450 [DENIED LOGIN]   for client : admin / 127.0.0.1.
2019-11-28 00:05:37,753 [DENIED LOGIN]   for client : admin / 127.0.0.1.
2019-11-28 00:05:38,047 [DENIED LOGIN]   for client : admin / 127.0.0.1.
2019-11-28 00:05:38,348 [DENIED LOGIN]   for client : admin / 127.0.0.1.
2019-11-28 00:05:38,641 [DENIED LOGIN]   for client : admin / 127.0.0.1.
2019-11-28 00:05:38,938 [DENIED LOGIN]   for client : admin / 127.0.0.1.
2019-11-28 00:05:39,328 [DENIED LOGIN]   for client : admin / 127.0.0.1.
2019-11-28 00:05:39,628 [DENIED LOGIN]   for client : admin / 127.0.0.1.
2019-11-28 00:05:39,936 [DENIED LOGIN]   for client : admin / 127.0.0.1.
2019-11-28 00:05:40,233 [DENIED LOGIN]   for client : admin / 127.0.0.1.
2019-11-28 00:05:40,531 [DENIED LOGIN]   for client : admin / 127.0.0.1.
2019-11-28 00:05:40,830 [DENIED LOGIN]   for client : admin / 127.0.0.1.
2019-11-28 00:05:41,122 [DENIED LOGIN]   for client : admin / 127.0.0.1.
2019-11-28 00:05:41,413 [DENIED LOGIN]   for client : admin / 127.0.0.1.
2019-11-28 00:05:41,710 [DENIED LOGIN]   for client : admin / 127.0.0.1.
2019-11-28 00:05:42,004 [DENIED LOGIN]   for client : admin / 127.0.0.1.
2019-11-28 00:05:42,297 [DENIED LOGIN]   for client : admin / 127.0.0.1.
2019-11-28 00:05:42,589 [DENIED LOGIN]   for client : admin / 127.0.0.1.
2019-11-28 00:05:42,889 [DENIED LOGIN]   for client : admin / 127.0.0.1.
2019-11-28 00:05:43,183 [DENIED LOGIN]   for client : admin / 127.0.0.1.
2019-11-28 00:05:43,532 [DENIED LOGIN]   for client : admin / 127.0.0.1.
2019-11-28 00:05:43,838 [DENIED LOGIN]   for client : admin / 127.0.0.1.
2019-11-28 00:05:44,131 [DENIED LOGIN]   for client : admin / 127.0.0.1.
2019-11-28 00:05:44,434 [DENIED LOGIN]   for client : admin / 127.0.0.1.
2019-11-28 00:05:44,784 [DENIED LOGIN]   for client : admin / 127.0.0.1.
2019-11-28 00:05:44,786 [DENIED LOGIN]   for client : admin / 127.0.0.1.
2019-11-28 00:05:44,787 [DENIED LOGIN]   for client : admin / 127.0.0.1.
2019-11-28 00:05:44,788 [DENIED LOGIN]   for client : admin / 127.0.0.1.
2019-11-28 00:05:44,790 [DENIED LOGIN]   for client : admin / 127.0.0.1.
2019-11-28 00:05:44,792 [DENIED LOGIN]   for client : admin / 127.0.0.1.
2019-11-28 00:05:44,793 [DENIED LOGIN]   for client : admin / 127.0.0.1.
2019-11-28 00:05:44,795 [DENIED LOGIN]   for client : admin / 127.0.0.1.
2019-11-28 00:05:44,796 [DENIED LOGIN]   for client : admin / 127.0.0.1.
2019-11-28 00:05:44,798 [DENIED LOGIN]   for client : admin / 127.0.0.1.
2019-11-28 00:05:44,800 [DENIED LOGIN]   for client : admin / 127.0.0.1.
2019-11-28 00:05:44,802 [DENIED LOGIN]   for client : admin / 127.0.0.1.
2019-11-28 00:05:44,803 [DENIED LOGIN]   for client : admin / 127.0.0.1.
2019-11-28 00:05:44,805 [DENIED LOGIN]   for client : admin / 127.0.0.1.
2019-11-28 00:05:44,806 [DENIED LOGIN]   for client : admin / 127.0.0.1.
2019-11-28 00:05:44,808 [DENIED LOGIN]   for client : admin / 127.0.0.1.
2019-11-28 00:05:44,809 [DENIED LOGIN]   for client : admin / 127.0.0.1.
2019-11-28 00:05:44,811 [DENIED LOGIN]   for client : admin / 127.0.0.1.
2019-11-28 00:05:44,813 [DENIED LOGIN]   for client : admin / 127.0.0.1.
2019-11-28 00:05:44,814 [DENIED LOGIN]   for client : admin / 127.0.0.1.
2019-11-28 00:05:44,816 [DENIED LOGIN]   for client : admin / 127.0.0.1.
2019-11-28 00:05:44,817 [DENIED LOGIN]   for client : admin / 127.0.0.1.
2019-11-28 00:05:44,819 [DENIED LOGIN]   for client : admin / 127.0.0.1.
2019-11-28 00:05:44,820 [DENIED LOGIN]   for client : admin / 127.0.0.1.
2019-11-28 00:05:44,822 [DENIED LOGIN]   for client : admin / 127.0.0.1.
2019-11-28 00:05:44,823 [DENIED LOGIN]   for client : admin / 127.0.0.1.
2019-11-28 00:05:44,824 [DENIED LOGIN]   for client : admin / 127.0.0.1.
2019-11-28 00:05:44,826 [DENIED LOGIN]   for client : admin / 127.0.0.1.
2019-11-28 00:05:44,827 [DENIED LOGIN]   for client : admin / 127.0.0.1.
2019-11-28 00:05:44,829 [DENIED LOGIN]   for client : admin / 127.0.0.1.
2019-11-28 00:05:44,830 [DENIED LOGIN]   for client : admin / 127.0.0.1.
2019-11-28 00:05:44,832 [DENIED LOGIN]   for client : admin / 127.0.0.1.
2019-11-28 00:05:44,834 [DENIED LOGIN]   for client : admin / 127.0.0.1.
2019-11-28 00:05:44,835 [DENIED LOGIN]   for client : admin / 127.0.0.1.
2019-11-28 00:05:44,837 [DENIED LOGIN]   for client : admin / 127.0.0.1.
2019-11-28 00:05:44,838 [DENIED LOGIN]   for client : admin / 127.0.0.1.
2019-11-28 00:05:44,840 [DENIED LOGIN]   for client : admin / 127.0.0.1.
2019-11-28 00:05:44,841 [DENIED LOGIN]   for client : admin / 127.0.0.1.
2019-11-28 00:05:44,843 [DENIED LOGIN]   for client : admin / 127.0.0.1.
2019-11-28 00:05:44,844 [DENIED LOGIN]   for client : admin / 127.0.0.1.
2019-11-28 00:05:44,846 [DENIED LOGIN]   for client : admin / 127.0.0.1.
2019-11-28 00:05:44,847 [DENIED LOGIN]   for client : admin / 127.0.0.1.
2019-11-28 00:05:44,849 [DENIED LOGIN]   for client : admin / 127.0.0.1.
2019-11-28 00:05:44,850 [DENIED LOGIN]   for client : admin / 127.0.0.1.
2019-11-28 00:05:44,851 [DENIED LOGIN]   for client : admin / 127.0.0.1.
2019-11-28 00:05:44,853 [DENIED LOGIN]   for client : admin / 127.0.0.1.
2019-11-28 00:05:44,854 [DENIED LOGIN]   for client : admin / 127.0.0.1.
2019-11-28 00:05:44,856 [DENIED LOGIN]   for client : admin / 127.0.0.1.
2019-11-28 00:05:44,858 [DENIED LOGIN]   for client : admin / 127.0.0.1.
2019-11-28 00:05:44,859 [DENIED LOGIN]   for client : admin / 127.0.0.1.
2019-11-28 00:05:44,861 [DENIED LOGIN]   for client : admin / 127.0.0.1.
2019-11-28 00:05:44,863 [DENIED LOGIN]   for client : admin / 127.0.0.1.
2019-11-28 00:05:44,865 [DENIED LOGIN]   for client : admin / 127.0.0.1.
2019-11-28 00:05:44,866 [DENIED LOGIN]   for client : admin / 127.0.0.1.
2019-11-28 00:05:44,868 [DENIED LOGIN]   for client : admin / 127.0.0.1.
2019-11-28 00:05:44,869 [DENIED LOGIN]   for client : admin / 127.0.0.1.
2019-11-28 00:05:44,871 [DENIED LOGIN]   for client : admin / 127.0.0.1.
2019-11-28 00:05:44,872 [DENIED LOGIN]   for client : admin / 127.0.0.1.
2019-11-28 00:05:44,874 [DENIED LOGIN]   for client : admin / 127.0.0.1.
2019-11-28 00:05:44,876 [DENIED LOGIN]   for client : admin / 127.0.0.1.
2019-11-28 00:05:44,877 [DENIED LOGIN]   for client : admin / 127.0.0.1.
2019-11-28 00:05:44,878 [DENIED LOGIN]   for client : admin / 127.0.0.1.
2019-11-28 00:05:44,880 [DENIED LOGIN]   for client : admin / 127.0.0.1.
2019-11-28 00:05:44,881 [DENIED LOGIN]   for client : admin / 127.0.0.1.
2019-11-28 00:05:44,883 [DENIED LOGIN]   for client : admin / 127.0.0.1.
2019-11-28 00:05:44,884 [DENIED LOGIN]   for client : admin / 127.0.0.1.
2019-11-28 00:05:44,885 [DENIED LOGIN]   for client : admin / 127.0.0.1.
2019-11-28 00:05:44,887 [DENIED LOGIN]   for client : admin / 127.0.0.1.
2019-11-28 00:05:44,888 [DENIED LOGIN]   for client : admin / 127.0.0.1.
2019-11-28 00:05:44,889 [DENIED LOGIN]   for client : admin / 127.0.0.1.
2019-11-28 00:05:44,891 [DENIED LOGIN]   for client : admin / 127.0.0.1.
2019-11-28 00:05:44,892 [DENIED LOGIN]   for client : admin / 127.0.0.1.
2019-11-28 00:05:44,894 [DENIED LOGIN]   for client : admin / 127.0.0.1.
2019-11-28 00:05:44,895 [DENIED LOGIN]   for client : admin / 127.0.0.1.
2019-11-28 00:05:44,896 [DENIED LOGIN]   for client : admin / 127.0.0.1.
2019-11-28 00:05:44,898 [DENIED LOGIN]   for client : admin / 127.0.0.1.
2019-11-28 00:05:44,899 [DENIED LOGIN]   for client : admin / 127.0.0.1.
2019-11-28 00:05:44,900 [DENIED LOGIN]   for client : admin / 127.0.0.1.
2019-11-28 00:05:44,902 [DENIED LOGIN]   for client : admin / 127.0.0.1.
