WARN http-8080-1 org.hibernate.dialect.DerbyDialect - HHH000430: The DerbyDialect dialect has been deprecated; use one of the version-specific dialects instead
 WARN http-8080-1 org.hibernate.dialect.DerbyDialect - HHH000430: The DerbyDialect dialect has been deprecated; use one of the version-specific dialects instead
 WARN http-8080-1 org.hibernate.dialect.DerbyDialect - HHH000430: The DerbyDialect dialect has been deprecated; use one of the version-specific dialects instead
 WARN http-8080-1 org.hibernate.dialect.DerbyDialect - HHH000430: The DerbyDialect dialect has been deprecated; use one of the version-specific dialects instead
 WARN http-8080-1 org.hibernate.dialect.DerbyDialect - HHH000430: The DerbyDialect dialect has been deprecated; use one of the version-specific dialects instead
 WARN http-8080-2 org.hibernate.dialect.DerbyDialect - HHH000430: The DerbyDialect dialect has been deprecated; use one of the version-specific dialects instead
 WARN http-8080-1 org.hibernate.dialect.DerbyDialect - HHH000430: The DerbyDialect dialect has been deprecated; use one of the version-specific dialects instead
 WARN http-8080-1 org.hibernate.hql.internal.ast.QueryTranslatorImpl - HHH000104: firstResult/maxResults specified with collection fetch; applying in memory!
 WARN http-8080-1 org.hibernate.dialect.DerbyDialect - HHH000430: The DerbyDialect dialect has been deprecated; use one of the version-specific dialects instead
 WARN http-8080-1 org.hibernate.hql.internal.ast.QueryTranslatorImpl - HHH000104: firstResult/maxResults specified with collection fetch; applying in memory!
 WARN http-8080-1 org.hibernate.hql.internal.ast.QueryTranslatorImpl - HHH000104: firstResult/maxResults specified with collection fetch; applying in memory!
 WARN http-8080-1 org.hibernate.hql.internal.ast.QueryTranslatorImpl - HHH000104: firstResult/maxResults specified with collection fetch; applying in memory!
 WARN http-8080-1 org.hibernate.hql.internal.ast.QueryTranslatorImpl - HHH000104: firstResult/maxResults specified with collection fetch; applying in memory!
 WARN http-8080-1 org.hibernate.hql.internal.ast.QueryTranslatorImpl - HHH000104: firstResult/maxResults specified with collection fetch; applying in memory!
 WARN http-8080-1 org.hibernate.hql.internal.ast.QueryTranslatorImpl - HHH000104: firstResult/maxResults specified with collection fetch; applying in memory!
 WARN http-8080-1 org.hibernate.hql.internal.ast.QueryTranslatorImpl - HHH000104: firstResult/maxResults specified with collection fetch; applying in memory!
 WARN http-8080-1 org.hibernate.hql.internal.ast.QueryTranslatorImpl - HHH000104: firstResult/maxResults specified with collection fetch; applying in memory!
 WARN http-8080-1 org.hibernate.hql.internal.ast.QueryTranslatorImpl - HHH000104: firstResult/maxResults specified with collection fetch; applying in memory!
 WARN http-8080-1 org.hibernate.hql.internal.ast.QueryTranslatorImpl - HHH000104: firstResult/maxResults specified with collection fetch; applying in memory!
 WARN http-8080-1 org.hibernate.hql.internal.ast.QueryTranslatorImpl - HHH000104: firstResult/maxResults specified with collection fetch; applying in memory!
 WARN http-8080-1 org.hibernate.hql.internal.ast.QueryTranslatorImpl - HHH000104: firstResult/maxResults specified with collection fetch; applying in memory!
 WARN http-8080-1 org.hibernate.hql.internal.ast.QueryTranslatorImpl - HHH000104: firstResult/maxResults specified with collection fetch; applying in memory!
 WARN http-8080-1 org.hibernate.hql.internal.ast.QueryTranslatorImpl - HHH000104: firstResult/maxResults specified with collection fetch; applying in memory!
 WARN http-8080-1 org.hibernate.hql.internal.ast.QueryTranslatorImpl - HHH000104: firstResult/maxResults specified with collection fetch; applying in memory!
 WARN http-8080-1 org.hibernate.hql.internal.ast.QueryTranslatorImpl - HHH000104: firstResult/maxResults specified with collection fetch; applying in memory!
 WARN http-8080-1 org.hibernate.hql.internal.ast.QueryTranslatorImpl - HHH000104: firstResult/maxResults specified with collection fetch; applying in memory!
 WARN http-8080-1 org.hibernate.hql.internal.ast.QueryTranslatorImpl - HHH000104: firstResult/maxResults specified with collection fetch; applying in memory!
 WARN http-8080-1 org.hibernate.hql.internal.ast.QueryTranslatorImpl - HHH000104: firstResult/maxResults specified with collection fetch; applying in memory!
 WARN http-8080-1 org.hibernate.dialect.DerbyDialect - HHH000430: The DerbyDialect dialect has been deprecated; use one of the version-specific dialects instead
 WARN http-8080-1 org.hibernate.dialect.DerbyDialect - HHH000430: The DerbyDialect dialect has been deprecated; use one of the version-specific dialects instead
 WARN http-8080-1 org.hibernate.dialect.DerbyDialect - HHH000430: The DerbyDialect dialect has been deprecated; use one of the version-specific dialects instead
 WARN http-8080-1 org.hibernate.dialect.DerbyDialect - HHH000430: The DerbyDialect dialect has been deprecated; use one of the version-specific dialects instead
 WARN http-8080-1 org.hibernate.hql.internal.ast.QueryTranslatorImpl - HHH000104: firstResult/maxResults specified with collection fetch; applying in memory!
 WARN http-8080-1 org.hibernate.dialect.DerbyDialect - HHH000430: The DerbyDialect dialect has been deprecated; use one of the version-specific dialects instead
 WARN http-8080-1 org.hibernate.dialect.DerbyDialect - HHH000430: The DerbyDialect dialect has been deprecated; use one of the version-specific dialects instead
 WARN http-8080-1 org.hibernate.dialect.DerbyDialect - HHH000430: The DerbyDialect dialect has been deprecated; use one of the version-specific dialects instead
 WARN http-8080-1 org.hibernate.dialect.DerbyDialect - HHH000430: The DerbyDialect dialect has been deprecated; use one of the version-specific dialects instead
 WARN http-8080-1 org.hibernate.dialect.DerbyDialect - HHH000430: The DerbyDialect dialect has been deprecated; use one of the version-specific dialects instead
 WARN http-8080-1 org.hibernate.hql.internal.ast.QueryTranslatorImpl - HHH000104: firstResult/maxResults specified with collection fetch; applying in memory!
 WARN http-8080-1 org.hibernate.dialect.DerbyDialect - HHH000430: The DerbyDialect dialect has been deprecated; use one of the version-specific dialects instead
 WARN http-8080-1 org.hibernate.hql.internal.ast.QueryTranslatorImpl - HHH000104: firstResult/maxResults specified with collection fetch; applying in memory!
 WARN http-8080-1 org.hibernate.dialect.DerbyDialect - HHH000430: The DerbyDialect dialect has been deprecated; use one of the version-specific dialects instead
 WARN http-8080-1 org.hibernate.hql.internal.ast.QueryTranslatorImpl - HHH000104: firstResult/maxResults specified with collection fetch; applying in memory!
 WARN http-8080-1 org.hibernate.dialect.DerbyDialect - HHH000430: The DerbyDialect dialect has been deprecated; use one of the version-specific dialects instead
 WARN http-8080-1 org.hibernate.dialect.DerbyDialect - HHH000430: The DerbyDialect dialect has been deprecated; use one of the version-specific dialects instead
 WARN http-8080-1 org.hibernate.hql.internal.ast.QueryTranslatorImpl - HHH000104: firstResult/maxResults specified with collection fetch; applying in memory!
 WARN http-8080-1 org.hibernate.dialect.DerbyDialect - HHH000430: The DerbyDialect dialect has been deprecated; use one of the version-specific dialects instead
 WARN http-8080-1 org.hibernate.hql.internal.ast.QueryTranslatorImpl - HHH000104: firstResult/maxResults specified with collection fetch; applying in memory!
 WARN http-8080-1 org.hibernate.dialect.DerbyDialect - HHH000430: The DerbyDialect dialect has been deprecated; use one of the version-specific dialects instead
 WARN http-8080-1 org.hibernate.hql.internal.ast.QueryTranslatorImpl - HHH000104: firstResult/maxResults specified with collection fetch; applying in memory!
 WARN http-8080-1 org.hibernate.dialect.DerbyDialect - HHH000430: The DerbyDialect dialect has been deprecated; use one of the version-specific dialects instead
 WARN http-8080-1 org.hibernate.hql.internal.ast.QueryTranslatorImpl - HHH000104: firstResult/maxResults specified with collection fetch; applying in memory!
 WARN http-8080-1 org.hibernate.hql.internal.ast.QueryTranslatorImpl - HHH000104: firstResult/maxResults specified with collection fetch; applying in memory!
 WARN http-8080-1 org.hibernate.dialect.DerbyDialect - HHH000430: The DerbyDialect dialect has been deprecated; use one of the version-specific dialects instead
 WARN http-8080-1 org.hibernate.hql.internal.ast.QueryTranslatorImpl - HHH000104: firstResult/maxResults specified with collection fetch; applying in memory!
 WARN http-8080-1 org.hibernate.dialect.DerbyDialect - HHH000430: The DerbyDialect dialect has been deprecated; use one of the version-specific dialects instead
 WARN http-8080-1 org.hibernate.hql.internal.ast.QueryTranslatorImpl - HHH000104: firstResult/maxResults specified with collection fetch; applying in memory!
 WARN http-8080-1 org.hibernate.dialect.DerbyDialect - HHH000430: The DerbyDialect dialect has been deprecated; use one of the version-specific dialects instead
 WARN http-8080-1 org.hibernate.hql.internal.ast.QueryTranslatorImpl - HHH000104: firstResult/maxResults specified with collection fetch; applying in memory!
 WARN http-8080-1 org.hibernate.dialect.DerbyDialect - HHH000430: The DerbyDialect dialect has been deprecated; use one of the version-specific dialects instead
 WARN http-8080-1 org.hibernate.dialect.DerbyDialect - HHH000430: The DerbyDialect dialect has been deprecated; use one of the version-specific dialects instead
 WARN http-8080-1 org.hibernate.dialect.DerbyDialect - HHH000430: The DerbyDialect dialect has been deprecated; use one of the version-specific dialects instead
 WARN http-8080-1 org.hibernate.hql.internal.ast.QueryTranslatorImpl - HHH000104: firstResult/maxResults specified with collection fetch; applying in memory!
 WARN http-8080-1 org.hibernate.dialect.DerbyDialect - HHH000430: The DerbyDialect dialect has been deprecated; use one of the version-specific dialects instead
 WARN http-8080-1 org.hibernate.hql.internal.ast.QueryTranslatorImpl - HHH000104: firstResult/maxResults specified with collection fetch; applying in memory!
 WARN http-8080-1 org.hibernate.dialect.DerbyDialect - HHH000430: The DerbyDialect dialect has been deprecated; use one of the version-specific dialects instead
 WARN http-8080-1 org.hibernate.hql.internal.ast.QueryTranslatorImpl - HHH000104: firstResult/maxResults specified with collection fetch; applying in memory!
 WARN http-8080-1 org.hibernate.dialect.DerbyDialect - HHH000430: The DerbyDialect dialect has been deprecated; use one of the version-specific dialects instead
 WARN http-8080-1 org.hibernate.hql.internal.ast.QueryTranslatorImpl - HHH000104: firstResult/maxResults specified with collection fetch; applying in memory!
 WARN http-8080-1 org.hibernate.dialect.DerbyDialect - HHH000430: The DerbyDialect dialect has been deprecated; use one of the version-specific dialects instead
 WARN http-8080-1 org.hibernate.dialect.DerbyDialect - HHH000430: The DerbyDialect dialect has been deprecated; use one of the version-specific dialects instead
 WARN http-8080-1 org.hibernate.dialect.DerbyDialect - HHH000430: The DerbyDialect dialect has been deprecated; use one of the version-specific dialects instead
 WARN http-8080-1 org.hibernate.dialect.DerbyDialect - HHH000430: The DerbyDialect dialect has been deprecated; use one of the version-specific dialects instead
 WARN http-8080-2 org.hibernate.dialect.DerbyDialect - HHH000430: The DerbyDialect dialect has been deprecated; use one of the version-specific dialects instead
 WARN http-8080-2 org.hibernate.hql.internal.ast.QueryTranslatorImpl - HHH000104: firstResult/maxResults specified with collection fetch; applying in memory!
 WARN http-8080-2 org.hibernate.engine.jdbc.spi.SqlExceptionHelper - SQL Error: 40000, SQLState: 08006
 ERROR http-8080-2 org.hibernate.engine.jdbc.spi.SqlExceptionHelper - A communications error has been detected: Connection reset by peer: socket write error.
 WARN http-8080-2 org.hibernate.engine.jdbc.spi.SqlExceptionHelper - SQL Error: 40000, SQLState: 08003
 ERROR http-8080-2 org.hibernate.engine.jdbc.spi.SqlExceptionHelper - No current connection.
 WARN http-8080-1 org.hibernate.hql.internal.ast.QueryTranslatorImpl - HHH000104: firstResult/maxResults specified with collection fetch; applying in memory!
 WARN http-8080-1 org.hibernate.hql.internal.ast.QueryTranslatorImpl - HHH000104: firstResult/maxResults specified with collection fetch; applying in memory!
 WARN http-8080-1 org.hibernate.hql.internal.ast.QueryTranslatorImpl - HHH000104: firstResult/maxResults specified with collection fetch; applying in memory!
 WARN http-8080-1 org.hibernate.dialect.DerbyDialect - HHH000430: The DerbyDialect dialect has been deprecated; use one of the version-specific dialects instead
 WARN http-8080-1 org.hibernate.dialect.DerbyDialect - HHH000430: The DerbyDialect dialect has been deprecated; use one of the version-specific dialects instead
 WARN http-8080-1 org.hibernate.dialect.DerbyDialect - HHH000430: The DerbyDialect dialect has been deprecated; use one of the version-specific dialects instead
 WARN http-8080-1 org.hibernate.dialect.DerbyDialect - HHH000430: The DerbyDialect dialect has been deprecated; use one of the version-specific dialects instead
 WARN http-8080-1 org.hibernate.engine.jdbc.spi.SqlExceptionHelper - SQL Error: -1, SQLState: 42X05
 ERROR http-8080-1 org.hibernate.engine.jdbc.spi.SqlExceptionHelper - Table/View 'TUTOR' does not exist.
 WARN http-8080-1 org.hibernate.dialect.DerbyDialect - HHH000430: The DerbyDialect dialect has been deprecated; use one of the version-specific dialects instead
 WARN http-8080-1 org.hibernate.dialect.DerbyDialect - HHH000430: The DerbyDialect dialect has been deprecated; use one of the version-specific dialects instead
 WARN http-8080-1 org.hibernate.dialect.DerbyDialect - HHH000430: The DerbyDialect dialect has been deprecated; use one of the version-specific dialects instead
 WARN http-8080-1 org.hibernate.dialect.DerbyDialect - HHH000430: The DerbyDialect dialect has been deprecated; use one of the version-specific dialects instead
 WARN ContainerBackgroundProcessor[StandardEngine[Catalina]] org.hibernate.dialect.DerbyDialect - HHH000430: The DerbyDialect dialect has been deprecated; use one of the version-specific dialects instead
 WARN ContainerBackgroundProcessor[StandardEngine[Catalina]] org.hibernate.dialect.DerbyDialect - HHH000430: The DerbyDialect dialect has been deprecated; use one of the version-specific dialects instead
 WARN http-8080-1 org.springframework.web.servlet.PageNotFound - No mapping found for HTTP request with URI [/mywebapp/displayAllTutors.html] in DispatcherServlet with name 'Dispatcher'
 WARN http-8080-1 org.springframework.web.servlet.PageNotFound - No mapping found for HTTP request with URI [/mywebapp/displayAllTutors.html] in DispatcherServlet with name 'Dispatcher'
 WARN http-8080-1 org.springframework.web.servlet.PageNotFound - No mapping found for HTTP request with URI [/mywebapp/displayAllTutors.html] in DispatcherServlet with name 'Dispatcher'
 WARN http-8080-1 org.springframework.web.servlet.PageNotFound - No mapping found for HTTP request with URI [/mywebapp/displayAllTutors.html] in DispatcherServlet with name 'Dispatcher'
 WARN http-8080-1 org.springframework.web.servlet.PageNotFound - No mapping found for HTTP request with URI [/mywebapp/displayAllTutors.html] in DispatcherServlet with name 'Dispatcher'
 WARN http-8080-1 org.springframework.web.servlet.PageNotFound - No mapping found for HTTP request with URI [/mywebapp/displayAllTutors.html] in DispatcherServlet with name 'Dispatcher'
 WARN http-8080-1 org.springframework.web.servlet.PageNotFound - No mapping found for HTTP request with URI [/mywebapp/displayAllTutors.html] in DispatcherServlet with name 'Dispatcher'
 WARN http-8080-1 org.springframework.web.servlet.PageNotFound - No mapping found for HTTP request with URI [/mywebapp/displayAllTutors.html] in DispatcherServlet with name 'Dispatcher'
 WARN http-8080-1 org.springframework.web.servlet.PageNotFound - No mapping found for HTTP request with URI [/mywebapp/displayAllTutors.html] in DispatcherServlet with name 'Dispatcher'
 WARN http-8080-1 org.springframework.web.servlet.PageNotFound - No mapping found for HTTP request with URI [/mywebapp/displayAllTutors.html] in DispatcherServlet with name 'Dispatcher'
 WARN http-8080-1 org.springframework.web.servlet.PageNotFound - No mapping found for HTTP request with URI [/mywebapp/displayAllTutors.html] in DispatcherServlet with name 'Dispatcher'
 WARN http-8080-1 org.springframework.web.servlet.PageNotFound - No mapping found for HTTP request with URI [/mywebapp/displayAllTutors.html] in DispatcherServlet with name 'Dispatcher'
 WARN http-8080-1 org.springframework.web.servlet.PageNotFound - No mapping found for HTTP request with URI [/mywebapp/displayAllTutors.html] in DispatcherServlet with name 'Dispatcher'
 WARN http-8080-1 org.springframework.web.servlet.PageNotFound - No mapping found for HTTP request with URI [/mywebapp/displayAllTutors.html] in DispatcherServlet with name 'Dispatcher'
 WARN http-8080-1 org.springframework.web.servlet.PageNotFound - No mapping found for HTTP request with URI [/mywebapp/displayAllTutors.html] in DispatcherServlet with name 'Dispatcher'
 WARN ContainerBackgroundProcessor[StandardEngine[Catalina]] org.hibernate.dialect.DerbyDialect - HHH000430: The DerbyDialect dialect has been deprecated; use one of the version-specific dialects instead
 WARN http-8080-1 org.springframework.web.servlet.PageNotFound - No mapping found for HTTP request with URI [/mywebapp/displayAllTutors.html] in DispatcherServlet with name 'Dispatcher'
 WARN http-8080-1 org.springframework.web.servlet.PageNotFound - No mapping found for HTTP request with URI [/mywebapp/displayAllTutors.html] in DispatcherServlet with name 'Dispatcher'
 WARN http-8080-1 org.springframework.web.servlet.PageNotFound - No mapping found for HTTP request with URI [/mywebapp/displayAllTutors.html] in DispatcherServlet with name 'Dispatcher'
 WARN http-8080-1 org.springframework.web.servlet.PageNotFound - No mapping found for HTTP request with URI [/mywebapp/displayAllTutors.html] in DispatcherServlet with name 'Dispatcher'
 WARN http-8080-1 org.springframework.web.servlet.PageNotFound - No mapping found for HTTP request with URI [/mywebapp/displayAllTutors.html] in DispatcherServlet with name 'Dispatcher'
 WARN http-8080-1 org.springframework.web.servlet.PageNotFound - No mapping found for HTTP request with URI [/mywebapp/displayAllTutors.html] in DispatcherServlet with name 'Dispatcher'
 WARN http-8080-1 org.springframework.web.servlet.PageNotFound - No mapping found for HTTP request with URI [/mywebapp/displayAllTutors.html] in DispatcherServlet with name 'Dispatcher'
 WARN http-8080-1 org.springframework.web.servlet.PageNotFound - No mapping found for HTTP request with URI [/mywebapp/displayAllTutors.html] in DispatcherServlet with name 'Dispatcher'
 WARN http-8080-1 org.springframework.web.servlet.PageNotFound - No mapping found for HTTP request with URI [/mywebapp/displayAllTutors.html] in DispatcherServlet with name 'Dispatcher'
 WARN http-8080-1 org.springframework.web.servlet.PageNotFound - No mapping found for HTTP request with URI [/mywebapp/displayAllTutors.html] in DispatcherServlet with name 'Dispatcher'
 WARN http-8080-1 org.springframework.web.servlet.PageNotFound - No mapping found for HTTP request with URI [/mywebapp/displayAllTutors.html] in DispatcherServlet with name 'Dispatcher'
 WARN http-8080-1 org.springframework.web.servlet.PageNotFound - No mapping found for HTTP request with URI [/mywebapp/displayAllTutors.html] in DispatcherServlet with name 'Dispatcher'
 WARN http-8080-1 org.springframework.web.servlet.PageNotFound - No mapping found for HTTP request with URI [/mywebapp/displayAllTutors.html] in DispatcherServlet with name 'Dispatcher'
 WARN http-8080-1 org.springframework.web.servlet.PageNotFound - No mapping found for HTTP request with URI [/mywebapp/displayAllTutors.html] in DispatcherServlet with name 'Dispatcher'
 WARN http-8080-1 org.springframework.web.servlet.PageNotFound - No mapping found for HTTP request with URI [/mywebapp/displayAllTutors.html] in DispatcherServlet with name 'Dispatcher'
 WARN http-8080-1 org.springframework.web.servlet.PageNotFound - No mapping found for HTTP request with URI [/mywebapp/displayAllTutors.html] in DispatcherServlet with name 'Dispatcher'
 WARN http-8080-1 org.springframework.web.servlet.PageNotFound - No mapping found for HTTP request with URI [/mywebapp/displayAllTutors.html] in DispatcherServlet with name 'Dispatcher'
 WARN http-8080-1 org.springframework.web.servlet.PageNotFound - No mapping found for HTTP request with URI [/mywebapp/displayAllTutors.html] in DispatcherServlet with name 'Dispatcher'
 WARN http-8080-1 org.springframework.web.servlet.PageNotFound - No mapping found for HTTP request with URI [/mywebapp/displayAllTutors.html] in DispatcherServlet with name 'Dispatcher'
 WARN http-8080-1 org.springframework.web.servlet.PageNotFound - No mapping found for HTTP request with URI [/mywebapp/displayAllTutors.html] in DispatcherServlet with name 'Dispatcher'
 WARN http-8080-1 org.springframework.web.servlet.PageNotFound - No mapping found for HTTP request with URI [/mywebapp/displayAllTutors.html] in DispatcherServlet with name 'Dispatcher'
 WARN http-8080-1 org.springframework.web.servlet.PageNotFound - No mapping found for HTTP request with URI [/mywebapp/displayAllTutors.html] in DispatcherServlet with name 'Dispatcher'
 WARN http-8080-1 org.springframework.web.servlet.PageNotFound - No mapping found for HTTP request with URI [/mywebapp/displayAllTutors.html] in DispatcherServlet with name 'Dispatcher'
 WARN http-8080-1 org.springframework.web.servlet.PageNotFound - No mapping found for HTTP request with URI [/mywebapp/displayAllTutors.html] in DispatcherServlet with name 'Dispatcher'
 WARN http-8080-1 org.springframework.web.servlet.PageNotFound - No mapping found for HTTP request with URI [/mywebapp/displayAllTutors.html] in DispatcherServlet with name 'Dispatcher'
 WARN http-8080-1 org.springframework.web.servlet.PageNotFound - No mapping found for HTTP request with URI [/mywebapp/displayAllTutors.html] in DispatcherServlet with name 'Dispatcher'
 WARN http-8080-1 org.springframework.web.servlet.PageNotFound - No mapping found for HTTP request with URI [/mywebapp/displayAllTutors.html] in DispatcherServlet with name 'Dispatcher'
 ERROR ContainerBackgroundProcessor[StandardEngine[Catalina]] org.springframework.web.servlet.DispatcherServlet - Context initialization failed
 org.springframework.beans.factory.xml.XmlBeanDefinitionStoreException: Line 20 in XML document from ServletContext resource [/WEB-INF/Dispatcher-servlet.xml] is invalid; nested exception is org.xml.sax.SAXParseException; lineNumber: 20; columnNumber: 79; The prefix "contdext" for element "contdext:component-scan" is not bound.
	at org.springframework.beans.factory.xml.XmlBeanDefinitionReader.doLoadBeanDefinitions(XmlBeanDefinitionReader.java:396)
	at org.springframework.beans.factory.xml.XmlBeanDefinitionReader.loadBeanDefinitions(XmlBeanDefinitionReader.java:334)
	at org.springframework.beans.factory.xml.XmlBeanDefinitionReader.loadBeanDefinitions(XmlBeanDefinitionReader.java:302)
	at org.springframework.beans.factory.support.AbstractBeanDefinitionReader.loadBeanDefinitions(AbstractBeanDefinitionReader.java:143)
	at org.springframework.beans.factory.support.AbstractBeanDefinitionReader.loadBeanDefinitions(AbstractBeanDefinitionReader.java:178)
	at org.springframework.beans.factory.support.AbstractBeanDefinitionReader.loadBeanDefinitions(AbstractBeanDefinitionReader.java:149)
	at org.springframework.web.context.support.XmlWebApplicationContext.loadBeanDefinitions(XmlWebApplicationContext.java:124)
	at org.springframework.web.context.support.XmlWebApplicationContext.loadBeanDefinitions(XmlWebApplicationContext.java:93)
	at org.springframework.context.support.AbstractRefreshableApplicationContext.refreshBeanFactory(AbstractRefreshableApplicationContext.java:130)
	at org.springframework.context.support.AbstractApplicationContext.obtainFreshBeanFactory(AbstractApplicationContext.java:467)
	at org.springframework.context.support.AbstractApplicationContext.refresh(AbstractApplicationContext.java:397)
	at org.springframework.web.servlet.FrameworkServlet.createWebApplicationContext(FrameworkServlet.java:442)
	at org.springframework.web.servlet.FrameworkServlet.createWebApplicationContext(FrameworkServlet.java:458)
	at org.springframework.web.servlet.FrameworkServlet.initWebApplicationContext(FrameworkServlet.java:339)
	at org.springframework.web.servlet.FrameworkServlet.initServletBean(FrameworkServlet.java:306)
	at org.springframework.web.servlet.HttpServletBean.init(HttpServletBean.java:127)
	at javax.servlet.GenericServlet.init(GenericServlet.java:212)
	at org.apache.catalina.core.StandardWrapper.loadServlet(StandardWrapper.java:1173)
	at org.apache.catalina.core.StandardWrapper.load(StandardWrapper.java:993)
	at org.apache.catalina.core.StandardContext.loadOnStartup(StandardContext.java:4149)
	at org.apache.catalina.core.StandardContext.start(StandardContext.java:4458)
	at org.apache.catalina.core.ContainerBase.addChildInternal(ContainerBase.java:791)
	at org.apache.catalina.core.ContainerBase.addChild(ContainerBase.java:771)
	at org.apache.catalina.core.StandardHost.addChild(StandardHost.java:526)
	at org.apache.catalina.startup.HostConfig.deployWAR(HostConfig.java:850)
	at org.apache.catalina.startup.HostConfig.deployWARs(HostConfig.java:724)
	at org.apache.catalina.startup.HostConfig.deployApps(HostConfig.java:493)
	at org.apache.catalina.startup.HostConfig.check(HostConfig.java:1274)
	at org.apache.catalina.startup.HostConfig.lifecycleEvent(HostConfig.java:296)
	at org.apache.catalina.util.LifecycleSupport.fireLifecycleEvent(LifecycleSupport.java:119)
	at org.apache.catalina.core.ContainerBase.backgroundProcess(ContainerBase.java:1337)
	at org.apache.catalina.core.ContainerBase$ContainerBackgroundProcessor.processChildren(ContainerBase.java:1601)
	at org.apache.catalina.core.ContainerBase$ContainerBackgroundProcessor.processChildren(ContainerBase.java:1610)
	at org.apache.catalina.core.ContainerBase$ContainerBackgroundProcessor.run(ContainerBase.java:1590)
	at java.lang.Thread.run(Unknown Source)
Caused by: org.xml.sax.SAXParseException; lineNumber: 20; columnNumber: 79; The prefix "contdext" for element "contdext:component-scan" is not bound.
	at com.sun.org.apache.xerces.internal.util.ErrorHandlerWrapper.createSAXParseException(Unknown Source)
	at com.sun.org.apache.xerces.internal.util.ErrorHandlerWrapper.fatalError(Unknown Source)
	at com.sun.org.apache.xerces.internal.impl.XMLErrorReporter.reportError(Unknown Source)
	at com.sun.org.apache.xerces.internal.impl.XMLErrorReporter.reportError(Unknown Source)
	at com.sun.org.apache.xerces.internal.impl.XMLErrorReporter.reportError(Unknown Source)
	at com.sun.org.apache.xerces.internal.impl.XMLNSDocumentScannerImpl.scanStartElement(Unknown Source)
	at com.sun.org.apache.xerces.internal.impl.XMLDocumentFragmentScannerImpl$FragmentContentDriver.next(Unknown Source)
	at com.sun.org.apache.xerces.internal.impl.XMLDocumentScannerImpl.next(Unknown Source)
	at com.sun.org.apache.xerces.internal.impl.XMLNSDocumentScannerImpl.next(Unknown Source)
	at com.sun.org.apache.xerces.internal.impl.XMLDocumentFragmentScannerImpl.scanDocument(Unknown Source)
	at com.sun.org.apache.xerces.internal.parsers.XML11Configuration.parse(Unknown Source)
	at com.sun.org.apache.xerces.internal.parsers.XML11Configuration.parse(Unknown Source)
	at com.sun.org.apache.xerces.internal.parsers.XMLParser.parse(Unknown Source)
	at com.sun.org.apache.xerces.internal.parsers.DOMParser.parse(Unknown Source)
	at com.sun.org.apache.xerces.internal.jaxp.DocumentBuilderImpl.parse(Unknown Source)
	at org.springframework.beans.factory.xml.DefaultDocumentLoader.loadDocument(DefaultDocumentLoader.java:75)
	at org.springframework.beans.factory.xml.XmlBeanDefinitionReader.doLoadBeanDefinitions(XmlBeanDefinitionReader.java:388)
	... 34 more
WARN ContainerBackgroundProcessor[StandardEngine[Catalina]] org.hibernate.dialect.DerbyDialect - HHH000430: The DerbyDialect dialect has been deprecated; use one of the version-specific dialects instead
 WARN ContainerBackgroundProcessor[StandardEngine[Catalina]] org.hibernate.dialect.DerbyDialect - HHH000430: The DerbyDialect dialect has been deprecated; use one of the version-specific dialects instead
 WARN http-8080-1 org.springframework.web.servlet.PageNotFound - No mapping found for HTTP request with URI [/mywebapp/addNewTutor.html] in DispatcherServlet with name 'Dispatcher'
 WARN ContainerBackgroundProcessor[StandardEngine[Catalina]] org.hibernate.dialect.DerbyDialect - HHH000430: The DerbyDialect dialect has been deprecated; use one of the version-specific dialects instead
 WARN main org.hibernate.dialect.DerbyDialect - HHH000430: The DerbyDialect dialect has been deprecated; use one of the version-specific dialects instead
 WARN ContainerBackgroundProcessor[StandardEngine[Catalina]] org.hibernate.dialect.DerbyDialect - HHH000430: The DerbyDialect dialect has been deprecated; use one of the version-specific dialects instead
 ERROR ContainerBackgroundProcessor[StandardEngine[Catalina]] org.springframework.web.servlet.DispatcherServlet - Context initialization failed
 org.springframework.beans.factory.xml.XmlBeanDefinitionStoreException: Line 27 in XML document from ServletContext resource [/WEB-INF/Dispatcher-servlet.xml] is invalid; nested exception is org.xml.sax.SAXParseException; lineNumber: 27; columnNumber: 25; The prefix "tx" for element "tx:annotation-driven" is not bound.
	at org.springframework.beans.factory.xml.XmlBeanDefinitionReader.doLoadBeanDefinitions(XmlBeanDefinitionReader.java:396)
	at org.springframework.beans.factory.xml.XmlBeanDefinitionReader.loadBeanDefinitions(XmlBeanDefinitionReader.java:334)
	at org.springframework.beans.factory.xml.XmlBeanDefinitionReader.loadBeanDefinitions(XmlBeanDefinitionReader.java:302)
	at org.springframework.beans.factory.support.AbstractBeanDefinitionReader.loadBeanDefinitions(AbstractBeanDefinitionReader.java:143)
	at org.springframework.beans.factory.support.AbstractBeanDefinitionReader.loadBeanDefinitions(AbstractBeanDefinitionReader.java:178)
	at org.springframework.beans.factory.support.AbstractBeanDefinitionReader.loadBeanDefinitions(AbstractBeanDefinitionReader.java:149)
	at org.springframework.web.context.support.XmlWebApplicationContext.loadBeanDefinitions(XmlWebApplicationContext.java:124)
	at org.springframework.web.context.support.XmlWebApplicationContext.loadBeanDefinitions(XmlWebApplicationContext.java:93)
	at org.springframework.context.support.AbstractRefreshableApplicationContext.refreshBeanFactory(AbstractRefreshableApplicationContext.java:130)
	at org.springframework.context.support.AbstractApplicationContext.obtainFreshBeanFactory(AbstractApplicationContext.java:467)
	at org.springframework.context.support.AbstractApplicationContext.refresh(AbstractApplicationContext.java:397)
	at org.springframework.web.servlet.FrameworkServlet.createWebApplicationContext(FrameworkServlet.java:442)
	at org.springframework.web.servlet.FrameworkServlet.createWebApplicationContext(FrameworkServlet.java:458)
	at org.springframework.web.servlet.FrameworkServlet.initWebApplicationContext(FrameworkServlet.java:339)
	at org.springframework.web.servlet.FrameworkServlet.initServletBean(FrameworkServlet.java:306)
	at org.springframework.web.servlet.HttpServletBean.init(HttpServletBean.java:127)
	at javax.servlet.GenericServlet.init(GenericServlet.java:212)
	at org.apache.catalina.core.StandardWrapper.loadServlet(StandardWrapper.java:1173)
	at org.apache.catalina.core.StandardWrapper.load(StandardWrapper.java:993)
	at org.apache.catalina.core.StandardContext.loadOnStartup(StandardContext.java:4149)
	at org.apache.catalina.core.StandardContext.start(StandardContext.java:4458)
	at org.apache.catalina.core.ContainerBase.addChildInternal(ContainerBase.java:791)
	at org.apache.catalina.core.ContainerBase.addChild(ContainerBase.java:771)
	at org.apache.catalina.core.StandardHost.addChild(StandardHost.java:526)
	at org.apache.catalina.startup.HostConfig.deployWAR(HostConfig.java:850)
	at org.apache.catalina.startup.HostConfig.deployWARs(HostConfig.java:724)
	at org.apache.catalina.startup.HostConfig.deployApps(HostConfig.java:493)
	at org.apache.catalina.startup.HostConfig.check(HostConfig.java:1274)
	at org.apache.catalina.startup.HostConfig.lifecycleEvent(HostConfig.java:296)
	at org.apache.catalina.util.LifecycleSupport.fireLifecycleEvent(LifecycleSupport.java:119)
	at org.apache.catalina.core.ContainerBase.backgroundProcess(ContainerBase.java:1337)
	at org.apache.catalina.core.ContainerBase$ContainerBackgroundProcessor.processChildren(ContainerBase.java:1601)
	at org.apache.catalina.core.ContainerBase$ContainerBackgroundProcessor.processChildren(ContainerBase.java:1610)
	at org.apache.catalina.core.ContainerBase$ContainerBackgroundProcessor.run(ContainerBase.java:1590)
	at java.lang.Thread.run(Unknown Source)
Caused by: org.xml.sax.SAXParseException; lineNumber: 27; columnNumber: 25; The prefix "tx" for element "tx:annotation-driven" is not bound.
	at com.sun.org.apache.xerces.internal.util.ErrorHandlerWrapper.createSAXParseException(Unknown Source)
	at com.sun.org.apache.xerces.internal.util.ErrorHandlerWrapper.fatalError(Unknown Source)
	at com.sun.org.apache.xerces.internal.impl.XMLErrorReporter.reportError(Unknown Source)
	at com.sun.org.apache.xerces.internal.impl.XMLErrorReporter.reportError(Unknown Source)
	at com.sun.org.apache.xerces.internal.impl.XMLErrorReporter.reportError(Unknown Source)
	at com.sun.org.apache.xerces.internal.impl.XMLNSDocumentScannerImpl.scanStartElement(Unknown Source)
	at com.sun.org.apache.xerces.internal.impl.XMLDocumentFragmentScannerImpl$FragmentContentDriver.next(Unknown Source)
	at com.sun.org.apache.xerces.internal.impl.XMLDocumentScannerImpl.next(Unknown Source)
	at com.sun.org.apache.xerces.internal.impl.XMLNSDocumentScannerImpl.next(Unknown Source)
	at com.sun.org.apache.xerces.internal.impl.XMLDocumentFragmentScannerImpl.scanDocument(Unknown Source)
	at com.sun.org.apache.xerces.internal.parsers.XML11Configuration.parse(Unknown Source)
	at com.sun.org.apache.xerces.internal.parsers.XML11Configuration.parse(Unknown Source)
	at com.sun.org.apache.xerces.internal.parsers.XMLParser.parse(Unknown Source)
	at com.sun.org.apache.xerces.internal.parsers.DOMParser.parse(Unknown Source)
	at com.sun.org.apache.xerces.internal.jaxp.DocumentBuilderImpl.parse(Unknown Source)
	at org.springframework.beans.factory.xml.DefaultDocumentLoader.loadDocument(DefaultDocumentLoader.java:75)
	at org.springframework.beans.factory.xml.XmlBeanDefinitionReader.doLoadBeanDefinitions(XmlBeanDefinitionReader.java:388)
	... 34 more
ERROR ContainerBackgroundProcessor[StandardEngine[Catalina]] org.springframework.web.servlet.DispatcherServlet - Context initialization failed
 org.springframework.beans.factory.xml.XmlBeanDefinitionStoreException: Line 27 in XML document from ServletContext resource [/WEB-INF/Dispatcher-servlet.xml] is invalid; nested exception is org.xml.sax.SAXParseException; lineNumber: 27; columnNumber: 27; The prefix "tx" for element "tx:annotation-driven" is not bound.
	at org.springframework.beans.factory.xml.XmlBeanDefinitionReader.doLoadBeanDefinitions(XmlBeanDefinitionReader.java:396)
	at org.springframework.beans.factory.xml.XmlBeanDefinitionReader.loadBeanDefinitions(XmlBeanDefinitionReader.java:334)
	at org.springframework.beans.factory.xml.XmlBeanDefinitionReader.loadBeanDefinitions(XmlBeanDefinitionReader.java:302)
	at org.springframework.beans.factory.support.AbstractBeanDefinitionReader.loadBeanDefinitions(AbstractBeanDefinitionReader.java:143)
	at org.springframework.beans.factory.support.AbstractBeanDefinitionReader.loadBeanDefinitions(AbstractBeanDefinitionReader.java:178)
	at org.springframework.beans.factory.support.AbstractBeanDefinitionReader.loadBeanDefinitions(AbstractBeanDefinitionReader.java:149)
	at org.springframework.web.context.support.XmlWebApplicationContext.loadBeanDefinitions(XmlWebApplicationContext.java:124)
	at org.springframework.web.context.support.XmlWebApplicationContext.loadBeanDefinitions(XmlWebApplicationContext.java:93)
	at org.springframework.context.support.AbstractRefreshableApplicationContext.refreshBeanFactory(AbstractRefreshableApplicationContext.java:130)
	at org.springframework.context.support.AbstractApplicationContext.obtainFreshBeanFactory(AbstractApplicationContext.java:467)
	at org.springframework.context.support.AbstractApplicationContext.refresh(AbstractApplicationContext.java:397)
	at org.springframework.web.servlet.FrameworkServlet.createWebApplicationContext(FrameworkServlet.java:442)
	at org.springframework.web.servlet.FrameworkServlet.createWebApplicationContext(FrameworkServlet.java:458)
	at org.springframework.web.servlet.FrameworkServlet.initWebApplicationContext(FrameworkServlet.java:339)
	at org.springframework.web.servlet.FrameworkServlet.initServletBean(FrameworkServlet.java:306)
	at org.springframework.web.servlet.HttpServletBean.init(HttpServletBean.java:127)
	at javax.servlet.GenericServlet.init(GenericServlet.java:212)
	at org.apache.catalina.core.StandardWrapper.loadServlet(StandardWrapper.java:1173)
	at org.apache.catalina.core.StandardWrapper.load(StandardWrapper.java:993)
	at org.apache.catalina.core.StandardContext.loadOnStartup(StandardContext.java:4149)
	at org.apache.catalina.core.StandardContext.start(StandardContext.java:4458)
	at org.apache.catalina.core.ContainerBase.addChildInternal(ContainerBase.java:791)
	at org.apache.catalina.core.ContainerBase.addChild(ContainerBase.java:771)
	at org.apache.catalina.core.StandardHost.addChild(StandardHost.java:526)
	at org.apache.catalina.startup.HostConfig.deployWAR(HostConfig.java:850)
	at org.apache.catalina.startup.HostConfig.deployWARs(HostConfig.java:724)
	at org.apache.catalina.startup.HostConfig.deployApps(HostConfig.java:493)
	at org.apache.catalina.startup.HostConfig.check(HostConfig.java:1274)
	at org.apache.catalina.startup.HostConfig.lifecycleEvent(HostConfig.java:296)
	at org.apache.catalina.util.LifecycleSupport.fireLifecycleEvent(LifecycleSupport.java:119)
	at org.apache.catalina.core.ContainerBase.backgroundProcess(ContainerBase.java:1337)
	at org.apache.catalina.core.ContainerBase$ContainerBackgroundProcessor.processChildren(ContainerBase.java:1601)
	at org.apache.catalina.core.ContainerBase$ContainerBackgroundProcessor.processChildren(ContainerBase.java:1610)
	at org.apache.catalina.core.ContainerBase$ContainerBackgroundProcessor.run(ContainerBase.java:1590)
	at java.lang.Thread.run(Unknown Source)
Caused by: org.xml.sax.SAXParseException; lineNumber: 27; columnNumber: 27; The prefix "tx" for element "tx:annotation-driven" is not bound.
	at com.sun.org.apache.xerces.internal.util.ErrorHandlerWrapper.createSAXParseException(Unknown Source)
	at com.sun.org.apache.xerces.internal.util.ErrorHandlerWrapper.fatalError(Unknown Source)
	at com.sun.org.apache.xerces.internal.impl.XMLErrorReporter.reportError(Unknown Source)
	at com.sun.org.apache.xerces.internal.impl.XMLErrorReporter.reportError(Unknown Source)
	at com.sun.org.apache.xerces.internal.impl.XMLErrorReporter.reportError(Unknown Source)
	at com.sun.org.apache.xerces.internal.impl.XMLNSDocumentScannerImpl.scanStartElement(Unknown Source)
	at com.sun.org.apache.xerces.internal.impl.XMLDocumentFragmentScannerImpl$FragmentContentDriver.next(Unknown Source)
	at com.sun.org.apache.xerces.internal.impl.XMLDocumentScannerImpl.next(Unknown Source)
	at com.sun.org.apache.xerces.internal.impl.XMLNSDocumentScannerImpl.next(Unknown Source)
	at com.sun.org.apache.xerces.internal.impl.XMLDocumentFragmentScannerImpl.scanDocument(Unknown Source)
	at com.sun.org.apache.xerces.internal.parsers.XML11Configuration.parse(Unknown Source)
	at com.sun.org.apache.xerces.internal.parsers.XML11Configuration.parse(Unknown Source)
	at com.sun.org.apache.xerces.internal.parsers.XMLParser.parse(Unknown Source)
	at com.sun.org.apache.xerces.internal.parsers.DOMParser.parse(Unknown Source)
	at com.sun.org.apache.xerces.internal.jaxp.DocumentBuilderImpl.parse(Unknown Source)
	at org.springframework.beans.factory.xml.DefaultDocumentLoader.loadDocument(DefaultDocumentLoader.java:75)
	at org.springframework.beans.factory.xml.XmlBeanDefinitionReader.doLoadBeanDefinitions(XmlBeanDefinitionReader.java:388)
	... 34 more
WARN ContainerBackgroundProcessor[StandardEngine[Catalina]] org.hibernate.dialect.DerbyDialect - HHH000430: The DerbyDialect dialect has been deprecated; use one of the version-specific dialects instead
 WARN ContainerBackgroundProcessor[StandardEngine[Catalina]] org.hibernate.dialect.DerbyDialect - HHH000430: The DerbyDialect dialect has been deprecated; use one of the version-specific dialects instead
 WARN http-8080-1 org.springframework.web.servlet.PageNotFound - No mapping found for HTTP request with URI [/mywebapp/displayTutorDetail.html] in DispatcherServlet with name 'Dispatcher'
 WARN http-8080-1 org.springframework.web.servlet.PageNotFound - No mapping found for HTTP request with URI [/mywebapp/displayTutorDetail.html] in DispatcherServlet with name 'Dispatcher'
 WARN ContainerBackgroundProcessor[StandardEngine[Catalina]] org.hibernate.dialect.DerbyDialect - HHH000430: The DerbyDialect dialect has been deprecated; use one of the version-specific dialects instead
 WARN http-8080-1 org.springframework.web.servlet.PageNotFound - No mapping found for HTTP request with URI [/mywebapp/displayTutorDetail.html] in DispatcherServlet with name 'Dispatcher'
 WARN http-8080-1 org.springframework.web.servlet.PageNotFound - No mapping found for HTTP request with URI [/mywebapp/displayTutorDetail.html] in DispatcherServlet with name 'Dispatcher'
 WARN ContainerBackgroundProcessor[StandardEngine[Catalina]] org.hibernate.dialect.DerbyDialect - HHH000430: The DerbyDialect dialect has been deprecated; use one of the version-specific dialects instead
 WARN main org.hibernate.dialect.DerbyDialect - HHH000430: The DerbyDialect dialect has been deprecated; use one of the version-specific dialects instead
 WARN ContainerBackgroundProcessor[StandardEngine[Catalina]] org.hibernate.dialect.DerbyDialect - HHH000430: The DerbyDialect dialect has been deprecated; use one of the version-specific dialects instead
 WARN http-8080-1 org.hibernate.hql.internal.ast.QueryTranslatorImpl - HHH000104: firstResult/maxResults specified with collection fetch; applying in memory!
 WARN http-8080-1 org.hibernate.hql.internal.ast.QueryTranslatorImpl - HHH000104: firstResult/maxResults specified with collection fetch; applying in memory!
 WARN ContainerBackgroundProcessor[StandardEngine[Catalina]] org.hibernate.dialect.DerbyDialect - HHH000430: The DerbyDialect dialect has been deprecated; use one of the version-specific dialects instead
 WARN http-8080-1 org.hibernate.hql.internal.ast.QueryTranslatorImpl - HHH000104: firstResult/maxResults specified with collection fetch; applying in memory!
 WARN http-8080-1 org.hibernate.hql.internal.ast.QueryTranslatorImpl - HHH000104: firstResult/maxResults specified with collection fetch; applying in memory!
 WARN http-8080-1 org.hibernate.hql.internal.ast.QueryTranslatorImpl - HHH000104: firstResult/maxResults specified with collection fetch; applying in memory!
 WARN http-8080-1 org.hibernate.hql.internal.ast.QueryTranslatorImpl - HHH000104: firstResult/maxResults specified with collection fetch; applying in memory!
 WARN http-8080-1 org.hibernate.hql.internal.ast.QueryTranslatorImpl - HHH000104: firstResult/maxResults specified with collection fetch; applying in memory!
 WARN http-8080-1 org.hibernate.hql.internal.ast.QueryTranslatorImpl - HHH000104: firstResult/maxResults specified with collection fetch; applying in memory!
 WARN ContainerBackgroundProcessor[StandardEngine[Catalina]] org.hibernate.dialect.DerbyDialect - HHH000430: The DerbyDialect dialect has been deprecated; use one of the version-specific dialects instead
 WARN http-8080-1 org.hibernate.hql.internal.ast.QueryTranslatorImpl - HHH000104: firstResult/maxResults specified with collection fetch; applying in memory!
 WARN http-8080-1 org.hibernate.hql.internal.ast.QueryTranslatorImpl - HHH000104: firstResult/maxResults specified with collection fetch; applying in memory!
 WARN http-8080-1 org.hibernate.hql.internal.ast.QueryTranslatorImpl - HHH000104: firstResult/maxResults specified with collection fetch; applying in memory!
 WARN ContainerBackgroundProcessor[StandardEngine[Catalina]] org.hibernate.dialect.DerbyDialect - HHH000430: The DerbyDialect dialect has been deprecated; use one of the version-specific dialects instead
 WARN http-8080-1 org.hibernate.hql.internal.ast.QueryTranslatorImpl - HHH000104: firstResult/maxResults specified with collection fetch; applying in memory!
 WARN main org.hibernate.dialect.DerbyDialect - HHH000430: The DerbyDialect dialect has been deprecated; use one of the version-specific dialects instead
 WARN http-8080-1 org.hibernate.hql.internal.ast.QueryTranslatorImpl - HHH000104: firstResult/maxResults specified with collection fetch; applying in memory!
 WARN ContainerBackgroundProcessor[StandardEngine[Catalina]] org.hibernate.dialect.DerbyDialect - HHH000430: The DerbyDialect dialect has been deprecated; use one of the version-specific dialects instead
 WARN http-8080-1 org.hibernate.hql.internal.ast.QueryTranslatorImpl - HHH000104: firstResult/maxResults specified with collection fetch; applying in memory!
 WARN ContainerBackgroundProcessor[StandardEngine[Catalina]] org.hibernate.dialect.DerbyDialect - HHH000430: The DerbyDialect dialect has been deprecated; use one of the version-specific dialects instead
 WARN http-8080-1 org.hibernate.hql.internal.ast.QueryTranslatorImpl - HHH000104: firstResult/maxResults specified with collection fetch; applying in memory!
 WARN ContainerBackgroundProcessor[StandardEngine[Catalina]] org.hibernate.dialect.DerbyDialect - HHH000430: The DerbyDialect dialect has been deprecated; use one of the version-specific dialects instead
 WARN ContainerBackgroundProcessor[StandardEngine[Catalina]] org.hibernate.dialect.DerbyDialect - HHH000430: The DerbyDialect dialect has been deprecated; use one of the version-specific dialects instead
 WARN main org.hibernate.engine.jdbc.internal.JdbcServicesImpl - HHH000342: Could not obtain connection to query metadata : Cannot create PoolableConnectionFactory (java.net.ConnectException : Error connecting to server localhost on port 1527 with message Connection refused: connect.)
 ERROR main org.springframework.web.servlet.DispatcherServlet - Context initialization failed
 org.springframework.beans.factory.BeanCreationException: Error creating bean with name 'addNewTutorController': Injection of autowired dependencies failed; nested exception is org.springframework.beans.factory.BeanCreationException: Could not autowire field: private com.virtualpairprogrammers.services.TutorManagement com.virtualpairprogrammers.controllers.AddNewTutorController.tutorManagement; nested exception is org.springframework.beans.factory.BeanCreationException: Error creating bean with name 'tutorManagement': Injection of autowired dependencies failed; nested exception is org.springframework.beans.factory.BeanCreationException: Could not autowire field: private com.virtualpairprogrammers.dao.TutorDao com.virtualpairprogrammers.services.TutorManagement.dao; nested exception is org.springframework.beans.factory.BeanCreationException: Error creating bean with name 'tutorDao': Injection of persistence dependencies failed; nested exception is org.springframework.beans.factory.BeanCreationException: Error creating bean with name 'entityManagerFactory' defined in ServletContext resource [/WEB-INF/Dispatcher-servlet.xml]: Invocation of init method failed; nested exception is javax.persistence.PersistenceException: [PersistenceUnit: tutorManagement] Unable to build EntityManagerFactory
	at org.springframework.beans.factory.annotation.AutowiredAnnotationBeanPostProcessor.postProcessPropertyValues(AutowiredAnnotationBeanPostProcessor.java:286)
	at org.springframework.beans.factory.support.AbstractAutowireCapableBeanFactory.populateBean(AbstractAutowireCapableBeanFactory.java:1064)
	at org.springframework.beans.factory.support.AbstractAutowireCapableBeanFactory.doCreateBean(AbstractAutowireCapableBeanFactory.java:517)
	at org.springframework.beans.factory.support.AbstractAutowireCapableBeanFactory.createBean(AbstractAutowireCapableBeanFactory.java:456)
	at org.springframework.beans.factory.support.AbstractBeanFactory$1.getObject(AbstractBeanFactory.java:291)
	at org.springframework.beans.factory.support.DefaultSingletonBeanRegistry.getSingleton(DefaultSingletonBeanRegistry.java:222)
	at org.springframework.beans.factory.support.AbstractBeanFactory.doGetBean(AbstractBeanFactory.java:288)
	at org.springframework.beans.factory.support.AbstractBeanFactory.getBean(AbstractBeanFactory.java:190)
	at org.springframework.beans.factory.support.DefaultListableBeanFactory.preInstantiateSingletons(DefaultListableBeanFactory.java:574)
	at org.springframework.context.support.AbstractApplicationContext.finishBeanFactoryInitialization(AbstractApplicationContext.java:895)
	at org.springframework.context.support.AbstractApplicationContext.refresh(AbstractApplicationContext.java:425)
	at org.springframework.web.servlet.FrameworkServlet.createWebApplicationContext(FrameworkServlet.java:442)
	at org.springframework.web.servlet.FrameworkServlet.createWebApplicationContext(FrameworkServlet.java:458)
	at org.springframework.web.servlet.FrameworkServlet.initWebApplicationContext(FrameworkServlet.java:339)
	at org.springframework.web.servlet.FrameworkServlet.initServletBean(FrameworkServlet.java:306)
	at org.springframework.web.servlet.HttpServletBean.init(HttpServletBean.java:127)
	at javax.servlet.GenericServlet.init(GenericServlet.java:212)
	at org.apache.catalina.core.StandardWrapper.loadServlet(StandardWrapper.java:1173)
	at org.apache.catalina.core.StandardWrapper.load(StandardWrapper.java:993)
	at org.apache.catalina.core.StandardContext.loadOnStartup(StandardContext.java:4149)
	at org.apache.catalina.core.StandardContext.start(StandardContext.java:4458)
	at org.apache.catalina.core.ContainerBase.addChildInternal(ContainerBase.java:791)
	at org.apache.catalina.core.ContainerBase.addChild(ContainerBase.java:771)
	at org.apache.catalina.core.StandardHost.addChild(StandardHost.java:526)
	at org.apache.catalina.startup.HostConfig.deployWAR(HostConfig.java:850)
	at org.apache.catalina.startup.HostConfig.deployWARs(HostConfig.java:724)
	at org.apache.catalina.startup.HostConfig.deployApps(HostConfig.java:493)
	at org.apache.catalina.startup.HostConfig.start(HostConfig.java:1206)
	at org.apache.catalina.startup.HostConfig.lifecycleEvent(HostConfig.java:314)
	at org.apache.catalina.util.LifecycleSupport.fireLifecycleEvent(LifecycleSupport.java:119)
	at org.apache.catalina.core.ContainerBase.start(ContainerBase.java:1053)
	at org.apache.catalina.core.StandardHost.start(StandardHost.java:722)
	at org.apache.catalina.core.ContainerBase.start(ContainerBase.java:1045)
	at org.apache.catalina.core.StandardEngine.start(StandardEngine.java:443)
	at org.apache.catalina.core.StandardService.start(StandardService.java:516)
	at org.apache.catalina.core.StandardServer.start(StandardServer.java:710)
	at org.apache.catalina.startup.Catalina.start(Catalina.java:583)
	at sun.reflect.NativeMethodAccessorImpl.invoke0(Native Method)
	at sun.reflect.NativeMethodAccessorImpl.invoke(Unknown Source)
	at sun.reflect.DelegatingMethodAccessorImpl.invoke(Unknown Source)
	at java.lang.reflect.Method.invoke(Unknown Source)
	at org.apache.catalina.startup.Bootstrap.start(Bootstrap.java:288)
	at org.apache.catalina.startup.Bootstrap.main(Bootstrap.java:413)
Caused by: org.springframework.beans.factory.BeanCreationException: Could not autowire field: private com.virtualpairprogrammers.services.TutorManagement com.virtualpairprogrammers.controllers.AddNewTutorController.tutorManagement; nested exception is org.springframework.beans.factory.BeanCreationException: Error creating bean with name 'tutorManagement': Injection of autowired dependencies failed; nested exception is org.springframework.beans.factory.BeanCreationException: Could not autowire field: private com.virtualpairprogrammers.dao.TutorDao com.virtualpairprogrammers.services.TutorManagement.dao; nested exception is org.springframework.beans.factory.BeanCreationException: Error creating bean with name 'tutorDao': Injection of persistence dependencies failed; nested exception is org.springframework.beans.factory.BeanCreationException: Error creating bean with name 'entityManagerFactory' defined in ServletContext resource [/WEB-INF/Dispatcher-servlet.xml]: Invocation of init method failed; nested exception is javax.persistence.PersistenceException: [PersistenceUnit: tutorManagement] Unable to build EntityManagerFactory
	at org.springframework.beans.factory.annotation.AutowiredAnnotationBeanPostProcessor$AutowiredFieldElement.inject(AutowiredAnnotationBeanPostProcessor.java:507)
	at org.springframework.beans.factory.annotation.InjectionMetadata.inject(InjectionMetadata.java:84)
	at org.springframework.beans.factory.annotation.AutowiredAnnotationBeanPostProcessor.postProcessPropertyValues(AutowiredAnnotationBeanPostProcessor.java:283)
	... 42 more
Caused by: org.springframework.beans.factory.BeanCreationException: Error creating bean with name 'tutorManagement': Injection of autowired dependencies failed; nested exception is org.springframework.beans.factory.BeanCreationException: Could not autowire field: private com.virtualpairprogrammers.dao.TutorDao com.virtualpairprogrammers.services.TutorManagement.dao; nested exception is org.springframework.beans.factory.BeanCreationException: Error creating bean with name 'tutorDao': Injection of persistence dependencies failed; nested exception is org.springframework.beans.factory.BeanCreationException: Error creating bean with name 'entityManagerFactory' defined in ServletContext resource [/WEB-INF/Dispatcher-servlet.xml]: Invocation of init method failed; nested exception is javax.persistence.PersistenceException: [PersistenceUnit: tutorManagement] Unable to build EntityManagerFactory
	at org.springframework.beans.factory.annotation.AutowiredAnnotationBeanPostProcessor.postProcessPropertyValues(AutowiredAnnotationBeanPostProcessor.java:286)
	at org.springframework.beans.factory.support.AbstractAutowireCapableBeanFactory.populateBean(AbstractAutowireCapableBeanFactory.java:1064)
	at org.springframework.beans.factory.support.AbstractAutowireCapableBeanFactory.doCreateBean(AbstractAutowireCapableBeanFactory.java:517)
	at org.springframework.beans.factory.support.AbstractAutowireCapableBeanFactory.createBean(AbstractAutowireCapableBeanFactory.java:456)
	at org.springframework.beans.factory.support.AbstractBeanFactory$1.getObject(AbstractBeanFactory.java:291)
	at org.springframework.beans.factory.support.DefaultSingletonBeanRegistry.getSingleton(DefaultSingletonBeanRegistry.java:222)
	at org.springframework.beans.factory.support.AbstractBeanFactory.doGetBean(AbstractBeanFactory.java:288)
	at org.springframework.beans.factory.support.AbstractBeanFactory.getBean(AbstractBeanFactory.java:190)
	at org.springframework.beans.factory.support.DefaultListableBeanFactory.findAutowireCandidates(DefaultListableBeanFactory.java:838)
	at org.springframework.beans.factory.support.DefaultListableBeanFactory.doResolveDependency(DefaultListableBeanFactory.java:780)
	at org.springframework.beans.factory.support.DefaultListableBeanFactory.resolveDependency(DefaultListableBeanFactory.java:697)
	at org.springframework.beans.factory.annotation.AutowiredAnnotationBeanPostProcessor$AutowiredFieldElement.inject(AutowiredAnnotationBeanPostProcessor.java:478)
	... 44 more
Caused by: org.springframework.beans.factory.BeanCreationException: Could not autowire field: private com.virtualpairprogrammers.dao.TutorDao com.virtualpairprogrammers.services.TutorManagement.dao; nested exception is org.springframework.beans.factory.BeanCreationException: Error creating bean with name 'tutorDao': Injection of persistence dependencies failed; nested exception is org.springframework.beans.factory.BeanCreationException: Error creating bean with name 'entityManagerFactory' defined in ServletContext resource [/WEB-INF/Dispatcher-servlet.xml]: Invocation of init method failed; nested exception is javax.persistence.PersistenceException: [PersistenceUnit: tutorManagement] Unable to build EntityManagerFactory
	at org.springframework.beans.factory.annotation.AutowiredAnnotationBeanPostProcessor$AutowiredFieldElement.inject(AutowiredAnnotationBeanPostProcessor.java:507)
	at org.springframework.beans.factory.annotation.InjectionMetadata.inject(InjectionMetadata.java:84)
	at org.springframework.beans.factory.annotation.AutowiredAnnotationBeanPostProcessor.postProcessPropertyValues(AutowiredAnnotationBeanPostProcessor.java:283)
	... 55 more
Caused by: org.springframework.beans.factory.BeanCreationException: Error creating bean with name 'tutorDao': Injection of persistence dependencies failed; nested exception is org.springframework.beans.factory.BeanCreationException: Error creating bean with name 'entityManagerFactory' defined in ServletContext resource [/WEB-INF/Dispatcher-servlet.xml]: Invocation of init method failed; nested exception is javax.persistence.PersistenceException: [PersistenceUnit: tutorManagement] Unable to build EntityManagerFactory
	at org.springframework.orm.jpa.support.PersistenceAnnotationBeanPostProcessor.postProcessPropertyValues(PersistenceAnnotationBeanPostProcessor.java:341)
	at org.springframework.beans.factory.support.AbstractAutowireCapableBeanFactory.populateBean(AbstractAutowireCapableBeanFactory.java:1064)
	at org.springframework.beans.factory.support.AbstractAutowireCapableBeanFactory.doCreateBean(AbstractAutowireCapableBeanFactory.java:517)
	at org.springframework.beans.factory.support.AbstractAutowireCapableBeanFactory.createBean(AbstractAutowireCapableBeanFactory.java:456)
	at org.springframework.beans.factory.support.AbstractBeanFactory$1.getObject(AbstractBeanFactory.java:291)
	at org.springframework.beans.factory.support.DefaultSingletonBeanRegistry.getSingleton(DefaultSingletonBeanRegistry.java:222)
	at org.springframework.beans.factory.support.AbstractBeanFactory.doGetBean(AbstractBeanFactory.java:288)
	at org.springframework.beans.factory.support.AbstractBeanFactory.getBean(AbstractBeanFactory.java:190)
	at org.springframework.beans.factory.support.DefaultListableBeanFactory.findAutowireCandidates(DefaultListableBeanFactory.java:838)
	at org.springframework.beans.factory.support.DefaultListableBeanFactory.doResolveDependency(DefaultListableBeanFactory.java:780)
	at org.springframework.beans.factory.support.DefaultListableBeanFactory.resolveDependency(DefaultListableBeanFactory.java:697)
	at org.springframework.beans.factory.annotation.AutowiredAnnotationBeanPostProcessor$AutowiredFieldElement.inject(AutowiredAnnotationBeanPostProcessor.java:478)
	... 57 more
Caused by: org.springframework.beans.factory.BeanCreationException: Error creating bean with name 'entityManagerFactory' defined in ServletContext resource [/WEB-INF/Dispatcher-servlet.xml]: Invocation of init method failed; nested exception is javax.persistence.PersistenceException: [PersistenceUnit: tutorManagement] Unable to build EntityManagerFactory
	at org.springframework.beans.factory.support.AbstractAutowireCapableBeanFactory.initializeBean(AbstractAutowireCapableBeanFactory.java:1412)
	at org.springframework.beans.factory.support.AbstractAutowireCapableBeanFactory.doCreateBean(AbstractAutowireCapableBeanFactory.java:519)
	at org.springframework.beans.factory.support.AbstractAutowireCapableBeanFactory.createBean(AbstractAutowireCapableBeanFactory.java:456)
	at org.springframework.beans.factory.support.AbstractBeanFactory$1.getObject(AbstractBeanFactory.java:291)
	at org.springframework.beans.factory.support.DefaultSingletonBeanRegistry.getSingleton(DefaultSingletonBeanRegistry.java:222)
	at org.springframework.beans.factory.support.AbstractBeanFactory.doGetBean(AbstractBeanFactory.java:288)
	at org.springframework.beans.factory.support.AbstractBeanFactory.getBean(AbstractBeanFactory.java:190)
	at org.springframework.orm.jpa.support.PersistenceAnnotationBeanPostProcessor.findDefaultEntityManagerFactory(PersistenceAnnotationBeanPostProcessor.java:529)
	at org.springframework.orm.jpa.support.PersistenceAnnotationBeanPostProcessor.findEntityManagerFactory(PersistenceAnnotationBeanPostProcessor.java:495)
	at org.springframework.orm.jpa.support.PersistenceAnnotationBeanPostProcessor$PersistenceElement.resolveEntityManager(PersistenceAnnotationBeanPostProcessor.java:656)
	at org.springframework.orm.jpa.support.PersistenceAnnotationBeanPostProcessor$PersistenceElement.getResourceToInject(PersistenceAnnotationBeanPostProcessor.java:629)
	at org.springframework.beans.factory.annotation.InjectionMetadata$InjectedElement.inject(InjectionMetadata.java:147)
	at org.springframework.beans.factory.annotation.InjectionMetadata.inject(InjectionMetadata.java:84)
	at org.springframework.orm.jpa.support.PersistenceAnnotationBeanPostProcessor.postProcessPropertyValues(PersistenceAnnotationBeanPostProcessor.java:338)
	... 68 more
Caused by: javax.persistence.PersistenceException: [PersistenceUnit: tutorManagement] Unable to build EntityManagerFactory
	at org.hibernate.ejb.Ejb3Configuration.buildEntityManagerFactory(Ejb3Configuration.java:915)
	at org.hibernate.ejb.Ejb3Configuration.buildEntityManagerFactory(Ejb3Configuration.java:890)
	at org.hibernate.ejb.HibernatePersistence.createContainerEntityManagerFactory(HibernatePersistence.java:74)
	at org.springframework.orm.jpa.LocalContainerEntityManagerFactoryBean.createNativeEntityManagerFactory(LocalContainerEntityManagerFactoryBean.java:225)
	at org.springframework.orm.jpa.AbstractEntityManagerFactoryBean.afterPropertiesSet(AbstractEntityManagerFactoryBean.java:308)
	at org.springframework.beans.factory.support.AbstractAutowireCapableBeanFactory.invokeInitMethods(AbstractAutowireCapableBeanFactory.java:1469)
	at org.springframework.beans.factory.support.AbstractAutowireCapableBeanFactory.initializeBean(AbstractAutowireCapableBeanFactory.java:1409)
	... 81 more
Caused by: org.hibernate.HibernateException: Connection cannot be null when 'hibernate.dialect' not set
	at org.hibernate.service.jdbc.dialect.internal.DialectFactoryImpl.determineDialect(DialectFactoryImpl.java:97)
	at org.hibernate.service.jdbc.dialect.internal.DialectFactoryImpl.buildDialect(DialectFactoryImpl.java:67)
	at org.hibernate.engine.jdbc.internal.JdbcServicesImpl.configure(JdbcServicesImpl.java:170)
	at org.hibernate.service.internal.StandardServiceRegistryImpl.configureService(StandardServiceRegistryImpl.java:75)
	at org.hibernate.service.internal.AbstractServiceRegistryImpl.initializeService(AbstractServiceRegistryImpl.java:159)
	at org.hibernate.service.internal.AbstractServiceRegistryImpl.getService(AbstractServiceRegistryImpl.java:131)
	at org.hibernate.cfg.SettingsFactory.buildSettings(SettingsFactory.java:71)
	at org.hibernate.cfg.Configuration.buildSettingsInternal(Configuration.java:2277)
	at org.hibernate.cfg.Configuration.buildSettings(Configuration.java:2273)
	at org.hibernate.cfg.Configuration.buildSessionFactory(Configuration.java:1742)
	at org.hibernate.ejb.EntityManagerFactoryImpl.<init>(EntityManagerFactoryImpl.java:94)
	at org.hibernate.ejb.Ejb3Configuration.buildEntityManagerFactory(Ejb3Configuration.java:905)
	... 87 more
WARN main org.hibernate.engine.jdbc.internal.JdbcServicesImpl - HHH000342: Could not obtain connection to query metadata : Cannot create PoolableConnectionFactory (java.net.ConnectException : Error connecting to server localhost on port 1527 with message Connection refused: connect.)
 ERROR main org.springframework.web.servlet.DispatcherServlet - Context initialization failed
 org.springframework.beans.factory.BeanCreationException: Error creating bean with name 'addNewTutorController': Injection of autowired dependencies failed; nested exception is org.springframework.beans.factory.BeanCreationException: Could not autowire field: private com.virtualpairprogrammers.services.TutorManagement com.virtualpairprogrammers.controllers.AddNewTutorController.tutorManagement; nested exception is org.springframework.beans.factory.BeanCreationException: Error creating bean with name 'tutorManagement': Injection of autowired dependencies failed; nested exception is org.springframework.beans.factory.BeanCreationException: Could not autowire field: private com.virtualpairprogrammers.dao.TutorDao com.virtualpairprogrammers.services.TutorManagement.dao; nested exception is org.springframework.beans.factory.BeanCreationException: Error creating bean with name 'tutorDao': Injection of persistence dependencies failed; nested exception is org.springframework.beans.factory.BeanCreationException: Error creating bean with name 'entityManagerFactory' defined in ServletContext resource [/WEB-INF/Dispatcher-servlet.xml]: Invocation of init method failed; nested exception is javax.persistence.PersistenceException: [PersistenceUnit: tutorManagement] Unable to build EntityManagerFactory
	at org.springframework.beans.factory.annotation.AutowiredAnnotationBeanPostProcessor.postProcessPropertyValues(AutowiredAnnotationBeanPostProcessor.java:286)
	at org.springframework.beans.factory.support.AbstractAutowireCapableBeanFactory.populateBean(AbstractAutowireCapableBeanFactory.java:1064)
	at org.springframework.beans.factory.support.AbstractAutowireCapableBeanFactory.doCreateBean(AbstractAutowireCapableBeanFactory.java:517)
	at org.springframework.beans.factory.support.AbstractAutowireCapableBeanFactory.createBean(AbstractAutowireCapableBeanFactory.java:456)
	at org.springframework.beans.factory.support.AbstractBeanFactory$1.getObject(AbstractBeanFactory.java:291)
	at org.springframework.beans.factory.support.DefaultSingletonBeanRegistry.getSingleton(DefaultSingletonBeanRegistry.java:222)
	at org.springframework.beans.factory.support.AbstractBeanFactory.doGetBean(AbstractBeanFactory.java:288)
	at org.springframework.beans.factory.support.AbstractBeanFactory.getBean(AbstractBeanFactory.java:190)
	at org.springframework.beans.factory.support.DefaultListableBeanFactory.preInstantiateSingletons(DefaultListableBeanFactory.java:574)
	at org.springframework.context.support.AbstractApplicationContext.finishBeanFactoryInitialization(AbstractApplicationContext.java:895)
	at org.springframework.context.support.AbstractApplicationContext.refresh(AbstractApplicationContext.java:425)
	at org.springframework.web.servlet.FrameworkServlet.createWebApplicationContext(FrameworkServlet.java:442)
	at org.springframework.web.servlet.FrameworkServlet.createWebApplicationContext(FrameworkServlet.java:458)
	at org.springframework.web.servlet.FrameworkServlet.initWebApplicationContext(FrameworkServlet.java:339)
	at org.springframework.web.servlet.FrameworkServlet.initServletBean(FrameworkServlet.java:306)
	at org.springframework.web.servlet.HttpServletBean.init(HttpServletBean.java:127)
	at javax.servlet.GenericServlet.init(GenericServlet.java:212)
	at org.apache.catalina.core.StandardWrapper.loadServlet(StandardWrapper.java:1173)
	at org.apache.catalina.core.StandardWrapper.load(StandardWrapper.java:993)
	at org.apache.catalina.core.StandardContext.loadOnStartup(StandardContext.java:4149)
	at org.apache.catalina.core.StandardContext.start(StandardContext.java:4458)
	at org.apache.catalina.core.ContainerBase.addChildInternal(ContainerBase.java:791)
	at org.apache.catalina.core.ContainerBase.addChild(ContainerBase.java:771)
	at org.apache.catalina.core.StandardHost.addChild(StandardHost.java:526)
	at org.apache.catalina.startup.HostConfig.deployDirectory(HostConfig.java:987)
	at org.apache.catalina.startup.HostConfig.deployDirectories(HostConfig.java:909)
	at org.apache.catalina.startup.HostConfig.deployApps(HostConfig.java:495)
	at org.apache.catalina.startup.HostConfig.start(HostConfig.java:1206)
	at org.apache.catalina.startup.HostConfig.lifecycleEvent(HostConfig.java:314)
	at org.apache.catalina.util.LifecycleSupport.fireLifecycleEvent(LifecycleSupport.java:119)
	at org.apache.catalina.core.ContainerBase.start(ContainerBase.java:1053)
	at org.apache.catalina.core.StandardHost.start(StandardHost.java:722)
	at org.apache.catalina.core.ContainerBase.start(ContainerBase.java:1045)
	at org.apache.catalina.core.StandardEngine.start(StandardEngine.java:443)
	at org.apache.catalina.core.StandardService.start(StandardService.java:516)
	at org.apache.catalina.core.StandardServer.start(StandardServer.java:710)
	at org.apache.catalina.startup.Catalina.start(Catalina.java:583)
	at sun.reflect.NativeMethodAccessorImpl.invoke0(Native Method)
	at sun.reflect.NativeMethodAccessorImpl.invoke(Unknown Source)
	at sun.reflect.DelegatingMethodAccessorImpl.invoke(Unknown Source)
	at java.lang.reflect.Method.invoke(Unknown Source)
	at org.apache.catalina.startup.Bootstrap.start(Bootstrap.java:288)
	at org.apache.catalina.startup.Bootstrap.main(Bootstrap.java:413)
Caused by: org.springframework.beans.factory.BeanCreationException: Could not autowire field: private com.virtualpairprogrammers.services.TutorManagement com.virtualpairprogrammers.controllers.AddNewTutorController.tutorManagement; nested exception is org.springframework.beans.factory.BeanCreationException: Error creating bean with name 'tutorManagement': Injection of autowired dependencies failed; nested exception is org.springframework.beans.factory.BeanCreationException: Could not autowire field: private com.virtualpairprogrammers.dao.TutorDao com.virtualpairprogrammers.services.TutorManagement.dao; nested exception is org.springframework.beans.factory.BeanCreationException: Error creating bean with name 'tutorDao': Injection of persistence dependencies failed; nested exception is org.springframework.beans.factory.BeanCreationException: Error creating bean with name 'entityManagerFactory' defined in ServletContext resource [/WEB-INF/Dispatcher-servlet.xml]: Invocation of init method failed; nested exception is javax.persistence.PersistenceException: [PersistenceUnit: tutorManagement] Unable to build EntityManagerFactory
	at org.springframework.beans.factory.annotation.AutowiredAnnotationBeanPostProcessor$AutowiredFieldElement.inject(AutowiredAnnotationBeanPostProcessor.java:507)
	at org.springframework.beans.factory.annotation.InjectionMetadata.inject(InjectionMetadata.java:84)
	at org.springframework.beans.factory.annotation.AutowiredAnnotationBeanPostProcessor.postProcessPropertyValues(AutowiredAnnotationBeanPostProcessor.java:283)
	... 42 more
Caused by: org.springframework.beans.factory.BeanCreationException: Error creating bean with name 'tutorManagement': Injection of autowired dependencies failed; nested exception is org.springframework.beans.factory.BeanCreationException: Could not autowire field: private com.virtualpairprogrammers.dao.TutorDao com.virtualpairprogrammers.services.TutorManagement.dao; nested exception is org.springframework.beans.factory.BeanCreationException: Error creating bean with name 'tutorDao': Injection of persistence dependencies failed; nested exception is org.springframework.beans.factory.BeanCreationException: Error creating bean with name 'entityManagerFactory' defined in ServletContext resource [/WEB-INF/Dispatcher-servlet.xml]: Invocation of init method failed; nested exception is javax.persistence.PersistenceException: [PersistenceUnit: tutorManagement] Unable to build EntityManagerFactory
	at org.springframework.beans.factory.annotation.AutowiredAnnotationBeanPostProcessor.postProcessPropertyValues(AutowiredAnnotationBeanPostProcessor.java:286)
	at org.springframework.beans.factory.support.AbstractAutowireCapableBeanFactory.populateBean(AbstractAutowireCapableBeanFactory.java:1064)
	at org.springframework.beans.factory.support.AbstractAutowireCapableBeanFactory.doCreateBean(AbstractAutowireCapableBeanFactory.java:517)
	at org.springframework.beans.factory.support.AbstractAutowireCapableBeanFactory.createBean(AbstractAutowireCapableBeanFactory.java:456)
	at org.springframework.beans.factory.support.AbstractBeanFactory$1.getObject(AbstractBeanFactory.java:291)
	at org.springframework.beans.factory.support.DefaultSingletonBeanRegistry.getSingleton(DefaultSingletonBeanRegistry.java:222)
	at org.springframework.beans.factory.support.AbstractBeanFactory.doGetBean(AbstractBeanFactory.java:288)
	at org.springframework.beans.factory.support.AbstractBeanFactory.getBean(AbstractBeanFactory.java:190)
	at org.springframework.beans.factory.support.DefaultListableBeanFactory.findAutowireCandidates(DefaultListableBeanFactory.java:838)
	at org.springframework.beans.factory.support.DefaultListableBeanFactory.doResolveDependency(DefaultListableBeanFactory.java:780)
	at org.springframework.beans.factory.support.DefaultListableBeanFactory.resolveDependency(DefaultListableBeanFactory.java:697)
	at org.springframework.beans.factory.annotation.AutowiredAnnotationBeanPostProcessor$AutowiredFieldElement.inject(AutowiredAnnotationBeanPostProcessor.java:478)
	... 44 more
Caused by: org.springframework.beans.factory.BeanCreationException: Could not autowire field: private com.virtualpairprogrammers.dao.TutorDao com.virtualpairprogrammers.services.TutorManagement.dao; nested exception is org.springframework.beans.factory.BeanCreationException: Error creating bean with name 'tutorDao': Injection of persistence dependencies failed; nested exception is org.springframework.beans.factory.BeanCreationException: Error creating bean with name 'entityManagerFactory' defined in ServletContext resource [/WEB-INF/Dispatcher-servlet.xml]: Invocation of init method failed; nested exception is javax.persistence.PersistenceException: [PersistenceUnit: tutorManagement] Unable to build EntityManagerFactory
	at org.springframework.beans.factory.annotation.AutowiredAnnotationBeanPostProcessor$AutowiredFieldElement.inject(AutowiredAnnotationBeanPostProcessor.java:507)
	at org.springframework.beans.factory.annotation.InjectionMetadata.inject(InjectionMetadata.java:84)
	at org.springframework.beans.factory.annotation.AutowiredAnnotationBeanPostProcessor.postProcessPropertyValues(AutowiredAnnotationBeanPostProcessor.java:283)
	... 55 more
Caused by: org.springframework.beans.factory.BeanCreationException: Error creating bean with name 'tutorDao': Injection of persistence dependencies failed; nested exception is org.springframework.beans.factory.BeanCreationException: Error creating bean with name 'entityManagerFactory' defined in ServletContext resource [/WEB-INF/Dispatcher-servlet.xml]: Invocation of init method failed; nested exception is javax.persistence.PersistenceException: [PersistenceUnit: tutorManagement] Unable to build EntityManagerFactory
	at org.springframework.orm.jpa.support.PersistenceAnnotationBeanPostProcessor.postProcessPropertyValues(PersistenceAnnotationBeanPostProcessor.java:341)
	at org.springframework.beans.factory.support.AbstractAutowireCapableBeanFactory.populateBean(AbstractAutowireCapableBeanFactory.java:1064)
	at org.springframework.beans.factory.support.AbstractAutowireCapableBeanFactory.doCreateBean(AbstractAutowireCapableBeanFactory.java:517)
	at org.springframework.beans.factory.support.AbstractAutowireCapableBeanFactory.createBean(AbstractAutowireCapableBeanFactory.java:456)
	at org.springframework.beans.factory.support.AbstractBeanFactory$1.getObject(AbstractBeanFactory.java:291)
	at org.springframework.beans.factory.support.DefaultSingletonBeanRegistry.getSingleton(DefaultSingletonBeanRegistry.java:222)
	at org.springframework.beans.factory.support.AbstractBeanFactory.doGetBean(AbstractBeanFactory.java:288)
	at org.springframework.beans.factory.support.AbstractBeanFactory.getBean(AbstractBeanFactory.java:190)
	at org.springframework.beans.factory.support.DefaultListableBeanFactory.findAutowireCandidates(DefaultListableBeanFactory.java:838)
	at org.springframework.beans.factory.support.DefaultListableBeanFactory.doResolveDependency(DefaultListableBeanFactory.java:780)
	at org.springframework.beans.factory.support.DefaultListableBeanFactory.resolveDependency(DefaultListableBeanFactory.java:697)
	at org.springframework.beans.factory.annotation.AutowiredAnnotationBeanPostProcessor$AutowiredFieldElement.inject(AutowiredAnnotationBeanPostProcessor.java:478)
	... 57 more
Caused by: org.springframework.beans.factory.BeanCreationException: Error creating bean with name 'entityManagerFactory' defined in ServletContext resource [/WEB-INF/Dispatcher-servlet.xml]: Invocation of init method failed; nested exception is javax.persistence.PersistenceException: [PersistenceUnit: tutorManagement] Unable to build EntityManagerFactory
	at org.springframework.beans.factory.support.AbstractAutowireCapableBeanFactory.initializeBean(AbstractAutowireCapableBeanFactory.java:1412)
	at org.springframework.beans.factory.support.AbstractAutowireCapableBeanFactory.doCreateBean(AbstractAutowireCapableBeanFactory.java:519)
	at org.springframework.beans.factory.support.AbstractAutowireCapableBeanFactory.createBean(AbstractAutowireCapableBeanFactory.java:456)
	at org.springframework.beans.factory.support.AbstractBeanFactory$1.getObject(AbstractBeanFactory.java:291)
	at org.springframework.beans.factory.support.DefaultSingletonBeanRegistry.getSingleton(DefaultSingletonBeanRegistry.java:222)
	at org.springframework.beans.factory.support.AbstractBeanFactory.doGetBean(AbstractBeanFactory.java:288)
	at org.springframework.beans.factory.support.AbstractBeanFactory.getBean(AbstractBeanFactory.java:190)
	at org.springframework.orm.jpa.support.PersistenceAnnotationBeanPostProcessor.findDefaultEntityManagerFactory(PersistenceAnnotationBeanPostProcessor.java:529)
	at org.springframework.orm.jpa.support.PersistenceAnnotationBeanPostProcessor.findEntityManagerFactory(PersistenceAnnotationBeanPostProcessor.java:495)
	at org.springframework.orm.jpa.support.PersistenceAnnotationBeanPostProcessor$PersistenceElement.resolveEntityManager(PersistenceAnnotationBeanPostProcessor.java:656)
	at org.springframework.orm.jpa.support.PersistenceAnnotationBeanPostProcessor$PersistenceElement.getResourceToInject(PersistenceAnnotationBeanPostProcessor.java:629)
	at org.springframework.beans.factory.annotation.InjectionMetadata$InjectedElement.inject(InjectionMetadata.java:147)
	at org.springframework.beans.factory.annotation.InjectionMetadata.inject(InjectionMetadata.java:84)
	at org.springframework.orm.jpa.support.PersistenceAnnotationBeanPostProcessor.postProcessPropertyValues(PersistenceAnnotationBeanPostProcessor.java:338)
	... 68 more
Caused by: javax.persistence.PersistenceException: [PersistenceUnit: tutorManagement] Unable to build EntityManagerFactory
	at org.hibernate.ejb.Ejb3Configuration.buildEntityManagerFactory(Ejb3Configuration.java:915)
	at org.hibernate.ejb.Ejb3Configuration.buildEntityManagerFactory(Ejb3Configuration.java:890)
	at org.hibernate.ejb.HibernatePersistence.createContainerEntityManagerFactory(HibernatePersistence.java:74)
	at org.springframework.orm.jpa.LocalContainerEntityManagerFactoryBean.createNativeEntityManagerFactory(LocalContainerEntityManagerFactoryBean.java:225)
	at org.springframework.orm.jpa.AbstractEntityManagerFactoryBean.afterPropertiesSet(AbstractEntityManagerFactoryBean.java:308)
	at org.springframework.beans.factory.support.AbstractAutowireCapableBeanFactory.invokeInitMethods(AbstractAutowireCapableBeanFactory.java:1469)
	at org.springframework.beans.factory.support.AbstractAutowireCapableBeanFactory.initializeBean(AbstractAutowireCapableBeanFactory.java:1409)
	... 81 more
Caused by: org.hibernate.HibernateException: Connection cannot be null when 'hibernate.dialect' not set
	at org.hibernate.service.jdbc.dialect.internal.DialectFactoryImpl.determineDialect(DialectFactoryImpl.java:97)
	at org.hibernate.service.jdbc.dialect.internal.DialectFactoryImpl.buildDialect(DialectFactoryImpl.java:67)
	at org.hibernate.engine.jdbc.internal.JdbcServicesImpl.configure(JdbcServicesImpl.java:170)
	at org.hibernate.service.internal.StandardServiceRegistryImpl.configureService(StandardServiceRegistryImpl.java:75)
	at org.hibernate.service.internal.AbstractServiceRegistryImpl.initializeService(AbstractServiceRegistryImpl.java:159)
	at org.hibernate.service.internal.AbstractServiceRegistryImpl.getService(AbstractServiceRegistryImpl.java:131)
	at org.hibernate.cfg.SettingsFactory.buildSettings(SettingsFactory.java:71)
	at org.hibernate.cfg.Configuration.buildSettingsInternal(Configuration.java:2277)
	at org.hibernate.cfg.Configuration.buildSettings(Configuration.java:2273)
	at org.hibernate.cfg.Configuration.buildSessionFactory(Configuration.java:1742)
	at org.hibernate.ejb.EntityManagerFactoryImpl.<init>(EntityManagerFactoryImpl.java:94)
	at org.hibernate.ejb.Ejb3Configuration.buildEntityManagerFactory(Ejb3Configuration.java:905)
	... 87 more
WARN http-8080-1 org.hibernate.engine.jdbc.internal.JdbcServicesImpl - HHH000342: Could not obtain connection to query metadata : java.net.ConnectException : Error connecting to server localhost on port 1527 with message Connection refused: connect.
 WARN http-8080-4 org.hibernate.dialect.DerbyDialect - HHH000430: The DerbyDialect dialect has been deprecated; use one of the version-specific dialects instead
 WARN http-8080-4 org.hibernate.hql.internal.ast.QueryTranslatorImpl - HHH000104: firstResult/maxResults specified with collection fetch; applying in memory!
 WARN http-8080-4 org.hibernate.hql.internal.ast.QueryTranslatorImpl - HHH000104: firstResult/maxResults specified with collection fetch; applying in memory!
 WARN http-8080-4 org.hibernate.hql.internal.ast.QueryTranslatorImpl - HHH000104: firstResult/maxResults specified with collection fetch; applying in memory!
 WARN http-8080-4 org.hibernate.dialect.DerbyDialect - HHH000430: The DerbyDialect dialect has been deprecated; use one of the version-specific dialects instead
 WARN http-8080-4 org.hibernate.dialect.DerbyDialect - HHH000430: The DerbyDialect dialect has been deprecated; use one of the version-specific dialects instead
 WARN http-8080-4 org.hibernate.hql.internal.ast.QueryTranslatorImpl - HHH000104: firstResult/maxResults specified with collection fetch; applying in memory!
 WARN http-8080-4 org.hibernate.dialect.DerbyDialect - HHH000430: The DerbyDialect dialect has been deprecated; use one of the version-specific dialects instead
 WARN http-8080-4 org.hibernate.hql.internal.ast.QueryTranslatorImpl - HHH000104: firstResult/maxResults specified with collection fetch; applying in memory!
 WARN http-8080-3 org.hibernate.hql.internal.ast.QueryTranslatorImpl - HHH000104: firstResult/maxResults specified with collection fetch; applying in memory!
 WARN http-8080-4 org.hibernate.hql.internal.ast.QueryTranslatorImpl - HHH000104: firstResult/maxResults specified with collection fetch; applying in memory!
 WARN http-8080-3 org.hibernate.hql.internal.ast.QueryTranslatorImpl - HHH000104: firstResult/maxResults specified with collection fetch; applying in memory!
 WARN http-8080-3 org.hibernate.hql.internal.ast.QueryTranslatorImpl - HHH000104: firstResult/maxResults specified with collection fetch; applying in memory!
 WARN http-8080-3 org.hibernate.hql.internal.ast.QueryTranslatorImpl - HHH000104: firstResult/maxResults specified with collection fetch; applying in memory!
 WARN http-8080-3 org.hibernate.hql.internal.ast.QueryTranslatorImpl - HHH000104: firstResult/maxResults specified with collection fetch; applying in memory!
 WARN http-8080-3 org.hibernate.hql.internal.ast.QueryTranslatorImpl - HHH000104: firstResult/maxResults specified with collection fetch; applying in memory!
 WARN http-8080-3 org.hibernate.hql.internal.ast.QueryTranslatorImpl - HHH000104: firstResult/maxResults specified with collection fetch; applying in memory!
 WARN http-8080-4 org.hibernate.hql.internal.ast.QueryTranslatorImpl - HHH000104: firstResult/maxResults specified with collection fetch; applying in memory!
 WARN http-8080-4 org.hibernate.hql.internal.ast.QueryTranslatorImpl - HHH000104: firstResult/maxResults specified with collection fetch; applying in memory!
 WARN http-8080-3 org.hibernate.hql.internal.ast.QueryTranslatorImpl - HHH000104: firstResult/maxResults specified with collection fetch; applying in memory!
 WARN http-8080-4 org.hibernate.hql.internal.ast.QueryTranslatorImpl - HHH000104: firstResult/maxResults specified with collection fetch; applying in memory!
 WARN http-8080-3 org.hibernate.hql.internal.ast.QueryTranslatorImpl - HHH000104: firstResult/maxResults specified with collection fetch; applying in memory!
 WARN http-8080-4 org.hibernate.hql.internal.ast.QueryTranslatorImpl - HHH000104: firstResult/maxResults specified with collection fetch; applying in memory!
 WARN http-8080-3 org.hibernate.hql.internal.ast.QueryTranslatorImpl - HHH000104: firstResult/maxResults specified with collection fetch; applying in memory!
 WARN http-8080-4 org.hibernate.hql.internal.ast.QueryTranslatorImpl - HHH000104: firstResult/maxResults specified with collection fetch; applying in memory!
 WARN http-8080-4 org.hibernate.hql.internal.ast.QueryTranslatorImpl - HHH000104: firstResult/maxResults specified with collection fetch; applying in memory!
 WARN http-8080-4 org.hibernate.hql.internal.ast.QueryTranslatorImpl - HHH000104: firstResult/maxResults specified with collection fetch; applying in memory!
 WARN http-8080-4 org.hibernate.hql.internal.ast.QueryTranslatorImpl - HHH000104: firstResult/maxResults specified with collection fetch; applying in memory!
 WARN http-8080-4 org.hibernate.hql.internal.ast.QueryTranslatorImpl - HHH000104: firstResult/maxResults specified with collection fetch; applying in memory!
 WARN http-8080-4 org.hibernate.hql.internal.ast.QueryTranslatorImpl - HHH000104: firstResult/maxResults specified with collection fetch; applying in memory!
 WARN http-8080-4 org.hibernate.hql.internal.ast.QueryTranslatorImpl - HHH000104: firstResult/maxResults specified with collection fetch; applying in memory!
 WARN http-8080-3 org.hibernate.hql.internal.ast.QueryTranslatorImpl - HHH000104: firstResult/maxResults specified with collection fetch; applying in memory!
 WARN http-8080-3 org.hibernate.hql.internal.ast.QueryTranslatorImpl - HHH000104: firstResult/maxResults specified with collection fetch; applying in memory!
 WARN http-8080-4 org.hibernate.hql.internal.ast.QueryTranslatorImpl - HHH000104: firstResult/maxResults specified with collection fetch; applying in memory!
 WARN http-8080-4 org.hibernate.hql.internal.ast.QueryTranslatorImpl - HHH000104: firstResult/maxResults specified with collection fetch; applying in memory!
 WARN http-8080-3 org.hibernate.hql.internal.ast.QueryTranslatorImpl - HHH000104: firstResult/maxResults specified with collection fetch; applying in memory!
 WARN http-8080-3 org.hibernate.hql.internal.ast.QueryTranslatorImpl - HHH000104: firstResult/maxResults specified with collection fetch; applying in memory!
 WARN http-8080-4 org.hibernate.hql.internal.ast.QueryTranslatorImpl - HHH000104: firstResult/maxResults specified with collection fetch; applying in memory!
 WARN http-8080-4 org.hibernate.hql.internal.ast.QueryTranslatorImpl - HHH000104: firstResult/maxResults specified with collection fetch; applying in memory!
 WARN http-8080-4 org.hibernate.hql.internal.ast.QueryTranslatorImpl - HHH000104: firstResult/maxResults specified with collection fetch; applying in memory!
 WARN http-8080-3 org.hibernate.hql.internal.ast.QueryTranslatorImpl - HHH000104: firstResult/maxResults specified with collection fetch; applying in memory!
 WARN http-8080-3 org.hibernate.hql.internal.ast.QueryTranslatorImpl - HHH000104: firstResult/maxResults specified with collection fetch; applying in memory!
 WARN http-8080-3 org.hibernate.hql.internal.ast.QueryTranslatorImpl - HHH000104: firstResult/maxResults specified with collection fetch; applying in memory!
 WARN http-8080-4 org.hibernate.hql.internal.ast.QueryTranslatorImpl - HHH000104: firstResult/maxResults specified with collection fetch; applying in memory!
 WARN http-8080-4 org.hibernate.hql.internal.ast.QueryTranslatorImpl - HHH000104: firstResult/maxResults specified with collection fetch; applying in memory!
 WARN http-8080-3 org.hibernate.hql.internal.ast.QueryTranslatorImpl - HHH000104: firstResult/maxResults specified with collection fetch; applying in memory!
 WARN http-8080-3 org.hibernate.hql.internal.ast.QueryTranslatorImpl - HHH000104: firstResult/maxResults specified with collection fetch; applying in memory!
 WARN http-8080-4 org.hibernate.hql.internal.ast.QueryTranslatorImpl - HHH000104: firstResult/maxResults specified with collection fetch; applying in memory!
 WARN http-8080-4 org.hibernate.hql.internal.ast.QueryTranslatorImpl - HHH000104: firstResult/maxResults specified with collection fetch; applying in memory!
 WARN http-8080-3 org.hibernate.hql.internal.ast.QueryTranslatorImpl - HHH000104: firstResult/maxResults specified with collection fetch; applying in memory!
 WARN http-8080-3 org.hibernate.hql.internal.ast.QueryTranslatorImpl - HHH000104: firstResult/maxResults specified with collection fetch; applying in memory!
 WARN http-8080-3 org.hibernate.hql.internal.ast.QueryTranslatorImpl - HHH000104: firstResult/maxResults specified with collection fetch; applying in memory!
 WARN http-8080-3 org.hibernate.hql.internal.ast.QueryTranslatorImpl - HHH000104: firstResult/maxResults specified with collection fetch; applying in memory!
 WARN http-8080-4 org.hibernate.hql.internal.ast.QueryTranslatorImpl - HHH000104: firstResult/maxResults specified with collection fetch; applying in memory!
 WARN http-8080-4 org.hibernate.hql.internal.ast.QueryTranslatorImpl - HHH000104: firstResult/maxResults specified with collection fetch; applying in memory!
 WARN http-8080-6 org.hibernate.hql.internal.ast.QueryTranslatorImpl - HHH000104: firstResult/maxResults specified with collection fetch; applying in memory!
 WARN http-8080-3 org.hibernate.dialect.DerbyDialect - HHH000430: The DerbyDialect dialect has been deprecated; use one of the version-specific dialects instead
 WARN http-8080-3 org.hibernate.hql.internal.ast.QueryTranslatorImpl - HHH000104: firstResult/maxResults specified with collection fetch; applying in memory!
 WARN http-8080-3 org.hibernate.dialect.DerbyDialect - HHH000430: The DerbyDialect dialect has been deprecated; use one of the version-specific dialects instead
 WARN http-8080-3 org.hibernate.dialect.DerbyDialect - HHH000430: The DerbyDialect dialect has been deprecated; use one of the version-specific dialects instead
 WARN http-8080-1 org.hibernate.dialect.DerbyDialect - HHH000430: The DerbyDialect dialect has been deprecated; use one of the version-specific dialects instead
 WARN http-8080-1 org.hibernate.dialect.DerbyDialect - HHH000430: The DerbyDialect dialect has been deprecated; use one of the version-specific dialects instead
 WARN http-8080-1 org.hibernate.hql.internal.ast.QueryTranslatorImpl - HHH000104: firstResult/maxResults specified with collection fetch; applying in memory!
 WARN http-8080-1 org.hibernate.dialect.DerbyDialect - HHH000430: The DerbyDialect dialect has been deprecated; use one of the version-specific dialects instead
 WARN http-8080-1 org.hibernate.dialect.DerbyDialect - HHH000430: The DerbyDialect dialect has been deprecated; use one of the version-specific dialects instead
 WARN http-8080-1 org.hibernate.service.jdbc.connections.internal.ConnectionProviderInitiator - HHH000208: org.hibernate.connection.C3P0ConnectionProvider has been deprecated in favor of org.hibernate.service.jdbc.connections.internal.C3P0ConnectionProvider; that provider will be used instead.
 WARN http-8080-1 org.hibernate.service.jdbc.connections.internal.ConnectionProviderInitiator - HHH000208: org.hibernate.connection.C3P0ConnectionProvider has been deprecated in favor of org.hibernate.service.jdbc.connections.internal.C3P0ConnectionProvider; that provider will be used instead.
 WARN ContainerBackgroundProcessor[StandardEngine[Catalina]] org.hibernate.service.jdbc.connections.internal.ConnectionProviderInitiator - HHH000208: org.hibernate.connection.C3P0ConnectionProvider has been deprecated in favor of org.hibernate.service.jdbc.connections.internal.C3P0ConnectionProvider; that provider will be used instead.
 WARN http-8080-1 org.hibernate.service.jdbc.connections.internal.ConnectionProviderInitiator - HHH000208: org.hibernate.connection.C3P0ConnectionProvider has been deprecated in favor of org.hibernate.service.jdbc.connections.internal.C3P0ConnectionProvider; that provider will be used instead.
 WARN Thread-6 org.hibernate.dialect.DerbyDialect - HHH000430: The DerbyDialect dialect has been deprecated; use one of the version-specific dialects instead
 WARN http-8080-1 org.hibernate.dialect.DerbyDialect - HHH000430: The DerbyDialect dialect has been deprecated; use one of the version-specific dialects instead
 WARN http-8080-1 org.hibernate.service.jdbc.connections.internal.ConnectionProviderInitiator - HHH000208: org.hibernate.connection.C3P0ConnectionProvider has been deprecated in favor of org.hibernate.service.jdbc.connections.internal.C3P0ConnectionProvider; that provider will be used instead.
 WARN Thread-6 org.hibernate.service.jdbc.connections.internal.ConnectionProviderInitiator - HHH000208: org.hibernate.connection.C3P0ConnectionProvider has been deprecated in favor of org.hibernate.service.jdbc.connections.internal.C3P0ConnectionProvider; that provider will be used instead.
 WARN http-8080-1 org.hibernate.service.jdbc.connections.internal.ConnectionProviderInitiator - HHH000208: org.hibernate.connection.C3P0ConnectionProvider has been deprecated in favor of org.hibernate.service.jdbc.connections.internal.C3P0ConnectionProvider; that provider will be used instead.
 WARN http-8080-1 org.hibernate.service.jdbc.connections.internal.ConnectionProviderInitiator - HHH000208: org.hibernate.connection.C3P0ConnectionProvider has been deprecated in favor of org.hibernate.service.jdbc.connections.internal.C3P0ConnectionProvider; that provider will be used instead.
 WARN Thread-6 org.hibernate.service.jdbc.connections.internal.ConnectionProviderInitiator - HHH000208: org.hibernate.connection.C3P0ConnectionProvider has been deprecated in favor of org.hibernate.service.jdbc.connections.internal.C3P0ConnectionProvider; that provider will be used instead.
 WARN http-8080-1 org.hibernate.service.jdbc.connections.internal.ConnectionProviderInitiator - HHH000208: org.hibernate.connection.C3P0ConnectionProvider has been deprecated in favor of org.hibernate.service.jdbc.connections.internal.C3P0ConnectionProvider; that provider will be used instead.
 WARN http-8080-1 org.hibernate.service.jdbc.connections.internal.ConnectionProviderInitiator - HHH000208: org.hibernate.connection.C3P0ConnectionProvider has been deprecated in favor of org.hibernate.service.jdbc.connections.internal.C3P0ConnectionProvider; that provider will be used instead.
 WARN Thread-6 org.hibernate.service.jdbc.connections.internal.ConnectionProviderInitiator - HHH000208: org.hibernate.connection.C3P0ConnectionProvider has been deprecated in favor of org.hibernate.service.jdbc.connections.internal.C3P0ConnectionProvider; that provider will be used instead.
 WARN http-8080-1 org.hibernate.service.jdbc.connections.internal.ConnectionProviderInitiator - HHH000208: org.hibernate.connection.C3P0ConnectionProvider has been deprecated in favor of org.hibernate.service.jdbc.connections.internal.C3P0ConnectionProvider; that provider will be used instead.
 WARN Thread-6 org.hibernate.service.jdbc.connections.internal.ConnectionProviderInitiator - HHH000208: org.hibernate.connection.C3P0ConnectionProvider has been deprecated in favor of org.hibernate.service.jdbc.connections.internal.C3P0ConnectionProvider; that provider will be used instead.
 WARN ContainerBackgroundProcessor[StandardEngine[Catalina]] org.hibernate.service.jdbc.connections.internal.ConnectionProviderInitiator - HHH000208: org.hibernate.connection.C3P0ConnectionProvider has been deprecated in favor of org.hibernate.service.jdbc.connections.internal.C3P0ConnectionProvider; that provider will be used instead.
 WARN Thread-6 org.hibernate.service.jdbc.connections.internal.ConnectionProviderInitiator - HHH000208: org.hibernate.connection.C3P0ConnectionProvider has been deprecated in favor of org.hibernate.service.jdbc.connections.internal.C3P0ConnectionProvider; that provider will be used instead.
 WARN Thread-6 org.hibernate.dialect.DerbyDialect - HHH000430: The DerbyDialect dialect has been deprecated; use one of the version-specific dialects instead
 WARN http-8080-1 org.hibernate.service.jdbc.connections.internal.ConnectionProviderInitiator - HHH000208: org.hibernate.connection.C3P0ConnectionProvider has been deprecated in favor of org.hibernate.service.jdbc.connections.internal.C3P0ConnectionProvider; that provider will be used instead.
 WARN http-8080-1 org.hibernate.dialect.DerbyDialect - HHH000430: The DerbyDialect dialect has been deprecated; use one of the version-specific dialects instead
 WARN ContainerBackgroundProcessor[StandardEngine[Catalina]] org.hibernate.service.jdbc.connections.internal.ConnectionProviderInitiator - HHH000208: org.hibernate.connection.C3P0ConnectionProvider has been deprecated in favor of org.hibernate.service.jdbc.connections.internal.C3P0ConnectionProvider; that provider will be used instead.
 WARN ContainerBackgroundProcessor[StandardEngine[Catalina]] org.hibernate.dialect.DerbyDialect - HHH000430: The DerbyDialect dialect has been deprecated; use one of the version-specific dialects instead
 WARN ContainerBackgroundProcessor[StandardEngine[Catalina]] org.hibernate.dialect.DerbyDialect - HHH000430: The DerbyDialect dialect has been deprecated; use one of the version-specific dialects instead
 